<?xml version="1.0" encoding="UTF-8"?>
<!-- Generated by org.testng.reporters.JUnitXMLReporter -->
<testsuite ignored="0" hostname="DESKTOP-2SJV0LG" failures="0" tests="10" name="PermissionTest" time="0.328" errors="0" timestamp="2023-01-10T13:46:23 IST">
  <testcase classname="testcases.PermissionTest" name="@BeforeMethod setUp" time="0.01">
    <failure type="java.lang.StackOverflowError">
      <![CDATA[java.lang.StackOverflowError
at testcases.PermissionTest.setUp(PermissionTest.java:48)
at testcases.PermissionTest.setUp(PermissionTest.java:48)
at testcases.PermissionTest.setUp(PermissionTest.java:48)
at testcases.PermissionTest.setUp(PermissionTest.java:48)
at testcases.PermissionTest.setUp(PermissionTest.java:48)
at testcases.PermissionTest.setUp(PermissionTest.java:48)
at testcases.PermissionTest.setUp(PermissionTest.java:48)
at testcases.PermissionTest.setUp(PermissionTest.java:48)
at testcases.PermissionTest.setUp(PermissionTest.java:48)
at testcases.PermissionTest.setUp(PermissionTest.java:48)
at testcases.PermissionTest.setUp(PermissionTest.java:48)
at testcases.PermissionTest.setUp(PermissionTest.java:48)
at testcases.PermissionTest.setUp(PermissionTest.java:48)
at testcases.PermissionTest.setUp(PermissionTest.java:48)
at testcases.PermissionTest.setUp(PermissionTest.java:48)
at testcases.PermissionTest.setUp(PermissionTest.java:48)
at testcases.PermissionTest.setUp(PermissionTest.java:48)
at testcases.PermissionTest.setUp(PermissionTest.java:48)
at testcases.PermissionTest.setUp(PermissionTest.java:48)
at testcases.PermissionTest.setUp(PermissionTest.java:48)
at testcases.PermissionTest.setUp(PermissionTest.java:48)
at testcases.PermissionTest.setUp(PermissionTest.java:48)
at testcases.PermissionTest.setUp(PermissionTest.java:48)
at testcases.PermissionTest.setUp(PermissionTest.java:48)
at testcases.PermissionTest.setUp(PermissionTest.java:48)
at testcases.PermissionTest.setUp(PermissionTest.java:48)
at testcases.PermissionTest.setUp(PermissionTest.java:48)
at testcases.PermissionTest.setUp(PermissionTest.java:48)
at testcases.PermissionTest.setUp(PermissionTest.java:48)
at testcases.PermissionTest.setUp(PermissionTest.java:48)
at testcases.PermissionTest.setUp(PermissionTest.java:48)
at testcases.PermissionTest.setUp(PermissionTest.java:48)
at testcases.PermissionTest.setUp(PermissionTest.java:48)
at testcases.PermissionTest.setUp(PermissionTest.java:48)
at testcases.PermissionTest.setUp(PermissionTest.java:48)
at testcases.PermissionTest.setUp(PermissionTest.java:48)
at testcases.PermissionTest.setUp(PermissionTest.java:48)
at testcases.PermissionTest.setUp(PermissionTest.java:48)
at testcases.PermissionTest.setUp(PermissionTest.java:48)
at testcases.PermissionTest.setUp(PermissionTest.java:48)
at testcases.PermissionTest.setUp(PermissionTest.java:48)
at testcases.PermissionTest.setUp(PermissionTest.java:48)
at testcases.PermissionTest.setUp(PermissionTest.java:48)
at testcases.PermissionTest.setUp(PermissionTest.java:48)
at testcases.PermissionTest.setUp(PermissionTest.java:48)
at testcases.PermissionTest.setUp(PermissionTest.java:48)
at testcases.PermissionTest.setUp(PermissionTest.java:48)
at testcases.PermissionTest.setUp(PermissionTest.java:48)
at testcases.PermissionTest.setUp(PermissionTest.java:48)
at testcases.PermissionTest.setUp(PermissionTest.java:48)
at testcases.PermissionTest.setUp(PermissionTest.java:48)
at testcases.PermissionTest.setUp(PermissionTest.java:48)
at testcases.PermissionTest.setUp(PermissionTest.java:48)
at testcases.PermissionTest.setUp(PermissionTest.java:48)
at testcases.PermissionTest.setUp(PermissionTest.java:48)
at testcases.PermissionTest.setUp(PermissionTest.java:48)
at testcases.PermissionTest.setUp(PermissionTest.java:48)
at testcases.PermissionTest.setUp(PermissionTest.java:48)
at testcases.PermissionTest.setUp(PermissionTest.java:48)
at testcases.PermissionTest.setUp(PermissionTest.java:48)
at testcases.PermissionTest.setUp(PermissionTest.java:48)
at testcases.PermissionTest.setUp(PermissionTest.java:48)
at testcases.PermissionTest.setUp(PermissionTest.java:48)
at testcases.PermissionTest.setUp(PermissionTest.java:48)
at testcases.PermissionTest.setUp(PermissionTest.java:48)
at testcases.PermissionTest.setUp(PermissionTest.java:48)
at testcases.PermissionTest.setUp(PermissionTest.java:48)
at testcases.PermissionTest.setUp(PermissionTest.java:48)
at testcases.PermissionTest.setUp(PermissionTest.java:48)
at testcases.PermissionTest.setUp(PermissionTest.java:48)
at testcases.PermissionTest.setUp(PermissionTest.java:48)
at testcases.PermissionTest.setUp(PermissionTest.java:48)
at testcases.PermissionTest.setUp(PermissionTest.java:48)
at testcases.PermissionTest.setUp(PermissionTest.java:48)
at testcases.PermissionTest.setUp(PermissionTest.java:48)
at testcases.PermissionTest.setUp(PermissionTest.java:48)
at testcases.PermissionTest.setUp(PermissionTest.java:48)
at testcases.PermissionTest.setUp(PermissionTest.java:48)
at testcases.PermissionTest.setUp(PermissionTest.java:48)
at testcases.PermissionTest.setUp(PermissionTest.java:48)
at testcases.PermissionTest.setUp(PermissionTest.java:48)
at testcases.PermissionTest.setUp(PermissionTest.java:48)
at testcases.PermissionTest.setUp(PermissionTest.java:48)
at testcases.PermissionTest.setUp(PermissionTest.java:48)
at testcases.PermissionTest.setUp(PermissionTest.java:48)
at testcases.PermissionTest.setUp(PermissionTest.java:48)
at testcases.PermissionTest.setUp(PermissionTest.java:48)
at testcases.PermissionTest.setUp(PermissionTest.java:48)
at testcases.PermissionTest.setUp(PermissionTest.java:48)
at testcases.PermissionTest.setUp(PermissionTest.java:48)
at testcases.PermissionTest.setUp(PermissionTest.java:48)
at testcases.PermissionTest.setUp(PermissionTest.java:48)
at testcases.PermissionTest.setUp(PermissionTest.java:48)
at testcases.PermissionTest.setUp(PermissionTest.java:48)
at testcases.PermissionTest.setUp(PermissionTest.java:48)
at testcases.PermissionTest.setUp(PermissionTest.java:48)
at testcases.PermissionTest.setUp(PermissionTest.java:48)
at testcases.PermissionTest.setUp(PermissionTest.java:48)
at testcases.PermissionTest.setUp(PermissionTest.java:48)
at testcases.PermissionTest.setUp(PermissionTest.java:48)
at testcases.PermissionTest.setUp(PermissionTest.java:48)
at testcases.PermissionTest.setUp(PermissionTest.java:48)
at testcases.PermissionTest.setUp(PermissionTest.java:48)
at testcases.PermissionTest.setUp(PermissionTest.java:48)
at testcases.PermissionTest.setUp(PermissionTest.java:48)
at testcases.PermissionTest.setUp(PermissionTest.java:48)
at testcases.PermissionTest.setUp(PermissionTest.java:48)
at testcases.PermissionTest.setUp(PermissionTest.java:48)
at testcases.PermissionTest.setUp(PermissionTest.java:48)
at testcases.PermissionTest.setUp(PermissionTest.java:48)
at testcases.PermissionTest.setUp(PermissionTest.java:48)
at testcases.PermissionTest.setUp(PermissionTest.java:48)
at testcases.PermissionTest.setUp(PermissionTest.java:48)
at testcases.PermissionTest.setUp(PermissionTest.java:48)
at testcases.PermissionTest.setUp(PermissionTest.java:48)
at testcases.PermissionTest.setUp(PermissionTest.java:48)
at testcases.PermissionTest.setUp(PermissionTest.java:48)
at testcases.PermissionTest.setUp(PermissionTest.java:48)
at testcases.PermissionTest.setUp(PermissionTest.java:48)
at testcases.PermissionTest.setUp(PermissionTest.java:48)
at testcases.PermissionTest.setUp(PermissionTest.java:48)
at testcases.PermissionTest.setUp(PermissionTest.java:48)
at testcases.PermissionTest.setUp(PermissionTest.java:48)
at testcases.PermissionTest.setUp(PermissionTest.java:48)
at testcases.PermissionTest.setUp(PermissionTest.java:48)
at testcases.PermissionTest.setUp(PermissionTest.java:48)
at testcases.PermissionTest.setUp(PermissionTest.java:48)
at testcases.PermissionTest.setUp(PermissionTest.java:48)
at testcases.PermissionTest.setUp(PermissionTest.java:48)
at testcases.PermissionTest.setUp(PermissionTest.java:48)
at testcases.PermissionTest.setUp(PermissionTest.java:48)
at testcases.PermissionTest.setUp(PermissionTest.java:48)
at testcases.PermissionTest.setUp(PermissionTest.java:48)
at testcases.PermissionTest.setUp(PermissionTest.java:48)
at testcases.PermissionTest.setUp(PermissionTest.java:48)
at testcases.PermissionTest.setUp(PermissionTest.java:48)
at testcases.PermissionTest.setUp(PermissionTest.java:48)
at testcases.PermissionTest.setUp(PermissionTest.java:48)
at testcases.PermissionTest.setUp(PermissionTest.java:48)
at testcases.PermissionTest.setUp(PermissionTest.java:48)
at testcases.PermissionTest.setUp(PermissionTest.java:48)
at testcases.PermissionTest.setUp(PermissionTest.java:48)
at testcases.PermissionTest.setUp(PermissionTest.java:48)
at testcases.PermissionTest.setUp(PermissionTest.java:48)
at testcases.PermissionTest.setUp(PermissionTest.java:48)
at testcases.PermissionTest.setUp(PermissionTest.java:48)
at testcases.PermissionTest.setUp(PermissionTest.java:48)
at testcases.PermissionTest.setUp(PermissionTest.java:48)
at testcases.PermissionTest.setUp(PermissionTest.java:48)
at testcases.PermissionTest.setUp(PermissionTest.java:48)
at testcases.PermissionTest.setUp(PermissionTest.java:48)
at testcases.PermissionTest.setUp(PermissionTest.java:48)
at testcases.PermissionTest.setUp(PermissionTest.java:48)
at testcases.PermissionTest.setUp(PermissionTest.java:48)
at testcases.PermissionTest.setUp(PermissionTest.java:48)
at testcases.PermissionTest.setUp(PermissionTest.java:48)
at testcases.PermissionTest.setUp(PermissionTest.java:48)
at testcases.PermissionTest.setUp(PermissionTest.java:48)
at testcases.PermissionTest.setUp(PermissionTest.java:48)
at testcases.PermissionTest.setUp(PermissionTest.java:48)
at testcases.PermissionTest.setUp(PermissionTest.java:48)
at testcases.PermissionTest.setUp(PermissionTest.java:48)
at testcases.PermissionTest.setUp(PermissionTest.java:48)
at testcases.PermissionTest.setUp(PermissionTest.java:48)
at testcases.PermissionTest.setUp(PermissionTest.java:48)
at testcases.PermissionTest.setUp(PermissionTest.java:48)
at testcases.PermissionTest.setUp(PermissionTest.java:48)
at testcases.PermissionTest.setUp(PermissionTest.java:48)
at testcases.PermissionTest.setUp(PermissionTest.java:48)
at testcases.PermissionTest.setUp(PermissionTest.java:48)
at testcases.PermissionTest.setUp(PermissionTest.java:48)
at testcases.PermissionTest.setUp(PermissionTest.java:48)
at testcases.PermissionTest.setUp(PermissionTest.java:48)
at testcases.PermissionTest.setUp(PermissionTest.java:48)
at testcases.PermissionTest.setUp(PermissionTest.java:48)
at testcases.PermissionTest.setUp(PermissionTest.java:48)
at testcases.PermissionTest.setUp(PermissionTest.java:48)
at testcases.PermissionTest.setUp(PermissionTest.java:48)
at testcases.PermissionTest.setUp(PermissionTest.java:48)
at testcases.PermissionTest.setUp(PermissionTest.java:48)
at testcases.PermissionTest.setUp(PermissionTest.java:48)
at testcases.PermissionTest.setUp(PermissionTest.java:48)
at testcases.PermissionTest.setUp(PermissionTest.java:48)
at testcases.PermissionTest.setUp(PermissionTest.java:48)
at testcases.PermissionTest.setUp(PermissionTest.java:48)
at testcases.PermissionTest.setUp(PermissionTest.java:48)
at testcases.PermissionTest.setUp(PermissionTest.java:48)
at testcases.PermissionTest.setUp(PermissionTest.java:48)
at testcases.PermissionTest.setUp(PermissionTest.java:48)
at testcases.PermissionTest.setUp(PermissionTest.java:48)
at testcases.PermissionTest.setUp(PermissionTest.java:48)
at testcases.PermissionTest.setUp(PermissionTest.java:48)
at testcases.PermissionTest.setUp(PermissionTest.java:48)
at testcases.PermissionTest.setUp(PermissionTest.java:48)
at testcases.PermissionTest.setUp(PermissionTest.java:48)
at testcases.PermissionTest.setUp(PermissionTest.java:48)
at testcases.PermissionTest.setUp(PermissionTest.java:48)
at testcases.PermissionTest.setUp(PermissionTest.java:48)
at testcases.PermissionTest.setUp(PermissionTest.java:48)
at testcases.PermissionTest.setUp(PermissionTest.java:48)
at testcases.PermissionTest.setUp(PermissionTest.java:48)
at testcases.PermissionTest.setUp(PermissionTest.java:48)
at testcases.PermissionTest.setUp(PermissionTest.java:48)
at testcases.PermissionTest.setUp(PermissionTest.java:48)
at testcases.PermissionTest.setUp(PermissionTest.java:48)
at testcases.PermissionTest.setUp(PermissionTest.java:48)
at testcases.PermissionTest.setUp(PermissionTest.java:48)
at testcases.PermissionTest.setUp(PermissionTest.java:48)
at testcases.PermissionTest.setUp(PermissionTest.java:48)
at testcases.PermissionTest.setUp(PermissionTest.java:48)
at testcases.PermissionTest.setUp(PermissionTest.java:48)
at testcases.PermissionTest.setUp(PermissionTest.java:48)
at testcases.PermissionTest.setUp(PermissionTest.java:48)
at testcases.PermissionTest.setUp(PermissionTest.java:48)
at testcases.PermissionTest.setUp(PermissionTest.java:48)
at testcases.PermissionTest.setUp(PermissionTest.java:48)
at testcases.PermissionTest.setUp(PermissionTest.java:48)
at testcases.PermissionTest.setUp(PermissionTest.java:48)
at testcases.PermissionTest.setUp(PermissionTest.java:48)
at testcases.PermissionTest.setUp(PermissionTest.java:48)
at testcases.PermissionTest.setUp(PermissionTest.java:48)
at testcases.PermissionTest.setUp(PermissionTest.java:48)
at testcases.PermissionTest.setUp(PermissionTest.java:48)
at testcases.PermissionTest.setUp(PermissionTest.java:48)
at testcases.PermissionTest.setUp(PermissionTest.java:48)
at testcases.PermissionTest.setUp(PermissionTest.java:48)
at testcases.PermissionTest.setUp(PermissionTest.java:48)
at testcases.PermissionTest.setUp(PermissionTest.java:48)
at testcases.PermissionTest.setUp(PermissionTest.java:48)
at testcases.PermissionTest.setUp(PermissionTest.java:48)
at testcases.PermissionTest.setUp(PermissionTest.java:48)
at testcases.PermissionTest.setUp(PermissionTest.java:48)
at testcases.PermissionTest.setUp(PermissionTest.java:48)
at testcases.PermissionTest.setUp(PermissionTest.java:48)
at testcases.PermissionTest.setUp(PermissionTest.java:48)
at testcases.PermissionTest.setUp(PermissionTest.java:48)
at testcases.PermissionTest.setUp(PermissionTest.java:48)
at testcases.PermissionTest.setUp(PermissionTest.java:48)
at testcases.PermissionTest.setUp(PermissionTest.java:48)
at testcases.PermissionTest.setUp(PermissionTest.java:48)
at testcases.PermissionTest.setUp(PermissionTest.java:48)
at testcases.PermissionTest.setUp(PermissionTest.java:48)
at testcases.PermissionTest.setUp(PermissionTest.java:48)
at testcases.PermissionTest.setUp(PermissionTest.java:48)
at testcases.PermissionTest.setUp(PermissionTest.java:48)
at testcases.PermissionTest.setUp(PermissionTest.java:48)
at testcases.PermissionTest.setUp(PermissionTest.java:48)
at testcases.PermissionTest.setUp(PermissionTest.java:48)
at testcases.PermissionTest.setUp(PermissionTest.java:48)
at testcases.PermissionTest.setUp(PermissionTest.java:48)
at testcases.PermissionTest.setUp(PermissionTest.java:48)
at testcases.PermissionTest.setUp(PermissionTest.java:48)
at testcases.PermissionTest.setUp(PermissionTest.java:48)
at testcases.PermissionTest.setUp(PermissionTest.java:48)
at testcases.PermissionTest.setUp(PermissionTest.java:48)
at testcases.PermissionTest.setUp(PermissionTest.java:48)
at testcases.PermissionTest.setUp(PermissionTest.java:48)
at testcases.PermissionTest.setUp(PermissionTest.java:48)
at testcases.PermissionTest.setUp(PermissionTest.java:48)
at testcases.PermissionTest.setUp(PermissionTest.java:48)
at testcases.PermissionTest.setUp(PermissionTest.java:48)
at testcases.PermissionTest.setUp(PermissionTest.java:48)
at testcases.PermissionTest.setUp(PermissionTest.java:48)
at testcases.PermissionTest.setUp(PermissionTest.java:48)
at testcases.PermissionTest.setUp(PermissionTest.java:48)
at testcases.PermissionTest.setUp(PermissionTest.java:48)
at testcases.PermissionTest.setUp(PermissionTest.java:48)
at testcases.PermissionTest.setUp(PermissionTest.java:48)
at testcases.PermissionTest.setUp(PermissionTest.java:48)
at testcases.PermissionTest.setUp(PermissionTest.java:48)
at testcases.PermissionTest.setUp(PermissionTest.java:48)
at testcases.PermissionTest.setUp(PermissionTest.java:48)
at testcases.PermissionTest.setUp(PermissionTest.java:48)
at testcases.PermissionTest.setUp(PermissionTest.java:48)
at testcases.PermissionTest.setUp(PermissionTest.java:48)
at testcases.PermissionTest.setUp(PermissionTest.java:48)
at testcases.PermissionTest.setUp(PermissionTest.java:48)
at testcases.PermissionTest.setUp(PermissionTest.java:48)
at testcases.PermissionTest.setUp(PermissionTest.java:48)
at testcases.PermissionTest.setUp(PermissionTest.java:48)
at testcases.PermissionTest.setUp(PermissionTest.java:48)
at testcases.PermissionTest.setUp(PermissionTest.java:48)
at testcases.PermissionTest.setUp(PermissionTest.java:48)
at testcases.PermissionTest.setUp(PermissionTest.java:48)
at testcases.PermissionTest.setUp(PermissionTest.java:48)
at testcases.PermissionTest.setUp(PermissionTest.java:48)
at testcases.PermissionTest.setUp(PermissionTest.java:48)
at testcases.PermissionTest.setUp(PermissionTest.java:48)
at testcases.PermissionTest.setUp(PermissionTest.java:48)
at testcases.PermissionTest.setUp(PermissionTest.java:48)
at testcases.PermissionTest.setUp(PermissionTest.java:48)
at testcases.PermissionTest.setUp(PermissionTest.java:48)
at testcases.PermissionTest.setUp(PermissionTest.java:48)
at testcases.PermissionTest.setUp(PermissionTest.java:48)
at testcases.PermissionTest.setUp(PermissionTest.java:48)
at testcases.PermissionTest.setUp(PermissionTest.java:48)
at testcases.PermissionTest.setUp(PermissionTest.java:48)
at testcases.PermissionTest.setUp(PermissionTest.java:48)
at testcases.PermissionTest.setUp(PermissionTest.java:48)
at testcases.PermissionTest.setUp(PermissionTest.java:48)
at testcases.PermissionTest.setUp(PermissionTest.java:48)
at testcases.PermissionTest.setUp(PermissionTest.java:48)
at testcases.PermissionTest.setUp(PermissionTest.java:48)
at testcases.PermissionTest.setUp(PermissionTest.java:48)
at testcases.PermissionTest.setUp(PermissionTest.java:48)
at testcases.PermissionTest.setUp(PermissionTest.java:48)
at testcases.PermissionTest.setUp(PermissionTest.java:48)
at testcases.PermissionTest.setUp(PermissionTest.java:48)
at testcases.PermissionTest.setUp(PermissionTest.java:48)
at testcases.PermissionTest.setUp(PermissionTest.java:48)
at testcases.PermissionTest.setUp(PermissionTest.java:48)
at testcases.PermissionTest.setUp(PermissionTest.java:48)
at testcases.PermissionTest.setUp(PermissionTest.java:48)
at testcases.PermissionTest.setUp(PermissionTest.java:48)
at testcases.PermissionTest.setUp(PermissionTest.java:48)
at testcases.PermissionTest.setUp(PermissionTest.java:48)
at testcases.PermissionTest.setUp(PermissionTest.java:48)
at testcases.PermissionTest.setUp(PermissionTest.java:48)
at testcases.PermissionTest.setUp(PermissionTest.java:48)
at testcases.PermissionTest.setUp(PermissionTest.java:48)
at testcases.PermissionTest.setUp(PermissionTest.java:48)
at testcases.PermissionTest.setUp(PermissionTest.java:48)
at testcases.PermissionTest.setUp(PermissionTest.java:48)
at testcases.PermissionTest.setUp(PermissionTest.java:48)
at testcases.PermissionTest.setUp(PermissionTest.java:48)
at testcases.PermissionTest.setUp(PermissionTest.java:48)
at testcases.PermissionTest.setUp(PermissionTest.java:48)
at testcases.PermissionTest.setUp(PermissionTest.java:48)
at testcases.PermissionTest.setUp(PermissionTest.java:48)
at testcases.PermissionTest.setUp(PermissionTest.java:48)
at testcases.PermissionTest.setUp(PermissionTest.java:48)
at testcases.PermissionTest.setUp(PermissionTest.java:48)
at testcases.PermissionTest.setUp(PermissionTest.java:48)
at testcases.PermissionTest.setUp(PermissionTest.java:48)
at testcases.PermissionTest.setUp(PermissionTest.java:48)
at testcases.PermissionTest.setUp(PermissionTest.java:48)
at testcases.PermissionTest.setUp(PermissionTest.java:48)
at testcases.PermissionTest.setUp(PermissionTest.java:48)
at testcases.PermissionTest.setUp(PermissionTest.java:48)
at testcases.PermissionTest.setUp(PermissionTest.java:48)
at testcases.PermissionTest.setUp(PermissionTest.java:48)
at testcases.PermissionTest.setUp(PermissionTest.java:48)
at testcases.PermissionTest.setUp(PermissionTest.java:48)
at testcases.PermissionTest.setUp(PermissionTest.java:48)
at testcases.PermissionTest.setUp(PermissionTest.java:48)
at testcases.PermissionTest.setUp(PermissionTest.java:48)
at testcases.PermissionTest.setUp(PermissionTest.java:48)
at testcases.PermissionTest.setUp(PermissionTest.java:48)
at testcases.PermissionTest.setUp(PermissionTest.java:48)
at testcases.PermissionTest.setUp(PermissionTest.java:48)
at testcases.PermissionTest.setUp(PermissionTest.java:48)
at testcases.PermissionTest.setUp(PermissionTest.java:48)
at testcases.PermissionTest.setUp(PermissionTest.java:48)
at testcases.PermissionTest.setUp(PermissionTest.java:48)
at testcases.PermissionTest.setUp(PermissionTest.java:48)
at testcases.PermissionTest.setUp(PermissionTest.java:48)
at testcases.PermissionTest.setUp(PermissionTest.java:48)
at testcases.PermissionTest.setUp(PermissionTest.java:48)
at testcases.PermissionTest.setUp(PermissionTest.java:48)
at testcases.PermissionTest.setUp(PermissionTest.java:48)
at testcases.PermissionTest.setUp(PermissionTest.java:48)
at testcases.PermissionTest.setUp(PermissionTest.java:48)
at testcases.PermissionTest.setUp(PermissionTest.java:48)
at testcases.PermissionTest.setUp(PermissionTest.java:48)
at testcases.PermissionTest.setUp(PermissionTest.java:48)
at testcases.PermissionTest.setUp(PermissionTest.java:48)
at testcases.PermissionTest.setUp(PermissionTest.java:48)
at testcases.PermissionTest.setUp(PermissionTest.java:48)
at testcases.PermissionTest.setUp(PermissionTest.java:48)
at testcases.PermissionTest.setUp(PermissionTest.java:48)
at testcases.PermissionTest.setUp(PermissionTest.java:48)
at testcases.PermissionTest.setUp(PermissionTest.java:48)
at testcases.PermissionTest.setUp(PermissionTest.java:48)
at testcases.PermissionTest.setUp(PermissionTest.java:48)
at testcases.PermissionTest.setUp(PermissionTest.java:48)
at testcases.PermissionTest.setUp(PermissionTest.java:48)
at testcases.PermissionTest.setUp(PermissionTest.java:48)
at testcases.PermissionTest.setUp(PermissionTest.java:48)
at testcases.PermissionTest.setUp(PermissionTest.java:48)
at testcases.PermissionTest.setUp(PermissionTest.java:48)
at testcases.PermissionTest.setUp(PermissionTest.java:48)
at testcases.PermissionTest.setUp(PermissionTest.java:48)
at testcases.PermissionTest.setUp(PermissionTest.java:48)
at testcases.PermissionTest.setUp(PermissionTest.java:48)
at testcases.PermissionTest.setUp(PermissionTest.java:48)
at testcases.PermissionTest.setUp(PermissionTest.java:48)
at testcases.PermissionTest.setUp(PermissionTest.java:48)
at testcases.PermissionTest.setUp(PermissionTest.java:48)
at testcases.PermissionTest.setUp(PermissionTest.java:48)
at testcases.PermissionTest.setUp(PermissionTest.java:48)
at testcases.PermissionTest.setUp(PermissionTest.java:48)
at testcases.PermissionTest.setUp(PermissionTest.java:48)
at testcases.PermissionTest.setUp(PermissionTest.java:48)
at testcases.PermissionTest.setUp(PermissionTest.java:48)
at testcases.PermissionTest.setUp(PermissionTest.java:48)
at testcases.PermissionTest.setUp(PermissionTest.java:48)
at testcases.PermissionTest.setUp(PermissionTest.java:48)
at testcases.PermissionTest.setUp(PermissionTest.java:48)
at testcases.PermissionTest.setUp(PermissionTest.java:48)
at testcases.PermissionTest.setUp(PermissionTest.java:48)
at testcases.PermissionTest.setUp(PermissionTest.java:48)
at testcases.PermissionTest.setUp(PermissionTest.java:48)
at testcases.PermissionTest.setUp(PermissionTest.java:48)
at testcases.PermissionTest.setUp(PermissionTest.java:48)
at testcases.PermissionTest.setUp(PermissionTest.java:48)
at testcases.PermissionTest.setUp(PermissionTest.java:48)
at testcases.PermissionTest.setUp(PermissionTest.java:48)
at testcases.PermissionTest.setUp(PermissionTest.java:48)
at testcases.PermissionTest.setUp(PermissionTest.java:48)
at testcases.PermissionTest.setUp(PermissionTest.java:48)
at testcases.PermissionTest.setUp(PermissionTest.java:48)
at testcases.PermissionTest.setUp(PermissionTest.java:48)
at testcases.PermissionTest.setUp(PermissionTest.java:48)
at testcases.PermissionTest.setUp(PermissionTest.java:48)
at testcases.PermissionTest.setUp(PermissionTest.java:48)
at testcases.PermissionTest.setUp(PermissionTest.java:48)
at testcases.PermissionTest.setUp(PermissionTest.java:48)
at testcases.PermissionTest.setUp(PermissionTest.java:48)
at testcases.PermissionTest.setUp(PermissionTest.java:48)
at testcases.PermissionTest.setUp(PermissionTest.java:48)
at testcases.PermissionTest.setUp(PermissionTest.java:48)
at testcases.PermissionTest.setUp(PermissionTest.java:48)
at testcases.PermissionTest.setUp(PermissionTest.java:48)
at testcases.PermissionTest.setUp(PermissionTest.java:48)
at testcases.PermissionTest.setUp(PermissionTest.java:48)
at testcases.PermissionTest.setUp(PermissionTest.java:48)
at testcases.PermissionTest.setUp(PermissionTest.java:48)
at testcases.PermissionTest.setUp(PermissionTest.java:48)
at testcases.PermissionTest.setUp(PermissionTest.java:48)
at testcases.PermissionTest.setUp(PermissionTest.java:48)
at testcases.PermissionTest.setUp(PermissionTest.java:48)
at testcases.PermissionTest.setUp(PermissionTest.java:48)
at testcases.PermissionTest.setUp(PermissionTest.java:48)
at testcases.PermissionTest.setUp(PermissionTest.java:48)
at testcases.PermissionTest.setUp(PermissionTest.java:48)
at testcases.PermissionTest.setUp(PermissionTest.java:48)
at testcases.PermissionTest.setUp(PermissionTest.java:48)
at testcases.PermissionTest.setUp(PermissionTest.java:48)
at testcases.PermissionTest.setUp(PermissionTest.java:48)
at testcases.PermissionTest.setUp(PermissionTest.java:48)
at testcases.PermissionTest.setUp(PermissionTest.java:48)
at testcases.PermissionTest.setUp(PermissionTest.java:48)
at testcases.PermissionTest.setUp(PermissionTest.java:48)
at testcases.PermissionTest.setUp(PermissionTest.java:48)
at testcases.PermissionTest.setUp(PermissionTest.java:48)
at testcases.PermissionTest.setUp(PermissionTest.java:48)
at testcases.PermissionTest.setUp(PermissionTest.java:48)
at testcases.PermissionTest.setUp(PermissionTest.java:48)
at testcases.PermissionTest.setUp(PermissionTest.java:48)
at testcases.PermissionTest.setUp(PermissionTest.java:48)
at testcases.PermissionTest.setUp(PermissionTest.java:48)
at testcases.PermissionTest.setUp(PermissionTest.java:48)
at testcases.PermissionTest.setUp(PermissionTest.java:48)
at testcases.PermissionTest.setUp(PermissionTest.java:48)
at testcases.PermissionTest.setUp(PermissionTest.java:48)
at testcases.PermissionTest.setUp(PermissionTest.java:48)
at testcases.PermissionTest.setUp(PermissionTest.java:48)
at testcases.PermissionTest.setUp(PermissionTest.java:48)
at testcases.PermissionTest.setUp(PermissionTest.java:48)
at testcases.PermissionTest.setUp(PermissionTest.java:48)
at testcases.PermissionTest.setUp(PermissionTest.java:48)
at testcases.PermissionTest.setUp(PermissionTest.java:48)
at testcases.PermissionTest.setUp(PermissionTest.java:48)
at testcases.PermissionTest.setUp(PermissionTest.java:48)
at testcases.PermissionTest.setUp(PermissionTest.java:48)
at testcases.PermissionTest.setUp(PermissionTest.java:48)
at testcases.PermissionTest.setUp(PermissionTest.java:48)
at testcases.PermissionTest.setUp(PermissionTest.java:48)
at testcases.PermissionTest.setUp(PermissionTest.java:48)
at testcases.PermissionTest.setUp(PermissionTest.java:48)
at testcases.PermissionTest.setUp(PermissionTest.java:48)
at testcases.PermissionTest.setUp(PermissionTest.java:48)
at testcases.PermissionTest.setUp(PermissionTest.java:48)
at testcases.PermissionTest.setUp(PermissionTest.java:48)
at testcases.PermissionTest.setUp(PermissionTest.java:48)
at testcases.PermissionTest.setUp(PermissionTest.java:48)
at testcases.PermissionTest.setUp(PermissionTest.java:48)
at testcases.PermissionTest.setUp(PermissionTest.java:48)
at testcases.PermissionTest.setUp(PermissionTest.java:48)
at testcases.PermissionTest.setUp(PermissionTest.java:48)
at testcases.PermissionTest.setUp(PermissionTest.java:48)
at testcases.PermissionTest.setUp(PermissionTest.java:48)
at testcases.PermissionTest.setUp(PermissionTest.java:48)
at testcases.PermissionTest.setUp(PermissionTest.java:48)
at testcases.PermissionTest.setUp(PermissionTest.java:48)
at testcases.PermissionTest.setUp(PermissionTest.java:48)
at testcases.PermissionTest.setUp(PermissionTest.java:48)
at testcases.PermissionTest.setUp(PermissionTest.java:48)
at testcases.PermissionTest.setUp(PermissionTest.java:48)
at testcases.PermissionTest.setUp(PermissionTest.java:48)
at testcases.PermissionTest.setUp(PermissionTest.java:48)
at testcases.PermissionTest.setUp(PermissionTest.java:48)
at testcases.PermissionTest.setUp(PermissionTest.java:48)
at testcases.PermissionTest.setUp(PermissionTest.java:48)
at testcases.PermissionTest.setUp(PermissionTest.java:48)
at testcases.PermissionTest.setUp(PermissionTest.java:48)
at testcases.PermissionTest.setUp(PermissionTest.java:48)
at testcases.PermissionTest.setUp(PermissionTest.java:48)
at testcases.PermissionTest.setUp(PermissionTest.java:48)
at testcases.PermissionTest.setUp(PermissionTest.java:48)
at testcases.PermissionTest.setUp(PermissionTest.java:48)
at testcases.PermissionTest.setUp(PermissionTest.java:48)
at testcases.PermissionTest.setUp(PermissionTest.java:48)
at testcases.PermissionTest.setUp(PermissionTest.java:48)
at testcases.PermissionTest.setUp(PermissionTest.java:48)
at testcases.PermissionTest.setUp(PermissionTest.java:48)
at testcases.PermissionTest.setUp(PermissionTest.java:48)
at testcases.PermissionTest.setUp(PermissionTest.java:48)
at testcases.PermissionTest.setUp(PermissionTest.java:48)
at testcases.PermissionTest.setUp(PermissionTest.java:48)
at testcases.PermissionTest.setUp(PermissionTest.java:48)
at testcases.PermissionTest.setUp(PermissionTest.java:48)
at testcases.PermissionTest.setUp(PermissionTest.java:48)
at testcases.PermissionTest.setUp(PermissionTest.java:48)
at testcases.PermissionTest.setUp(PermissionTest.java:48)
at testcases.PermissionTest.setUp(PermissionTest.java:48)
at testcases.PermissionTest.setUp(PermissionTest.java:48)
at testcases.PermissionTest.setUp(PermissionTest.java:48)
at testcases.PermissionTest.setUp(PermissionTest.java:48)
at testcases.PermissionTest.setUp(PermissionTest.java:48)
at testcases.PermissionTest.setUp(PermissionTest.java:48)
at testcases.PermissionTest.setUp(PermissionTest.java:48)
at testcases.PermissionTest.setUp(PermissionTest.java:48)
at testcases.PermissionTest.setUp(PermissionTest.java:48)
at testcases.PermissionTest.setUp(PermissionTest.java:48)
at testcases.PermissionTest.setUp(PermissionTest.java:48)
at testcases.PermissionTest.setUp(PermissionTest.java:48)
at testcases.PermissionTest.setUp(PermissionTest.java:48)
at testcases.PermissionTest.setUp(PermissionTest.java:48)
at testcases.PermissionTest.setUp(PermissionTest.java:48)
at testcases.PermissionTest.setUp(PermissionTest.java:48)
at testcases.PermissionTest.setUp(PermissionTest.java:48)
at testcases.PermissionTest.setUp(PermissionTest.java:48)
at testcases.PermissionTest.setUp(PermissionTest.java:48)
at testcases.PermissionTest.setUp(PermissionTest.java:48)
at testcases.PermissionTest.setUp(PermissionTest.java:48)
at testcases.PermissionTest.setUp(PermissionTest.java:48)
at testcases.PermissionTest.setUp(PermissionTest.java:48)
at testcases.PermissionTest.setUp(PermissionTest.java:48)
at testcases.PermissionTest.setUp(PermissionTest.java:48)
at testcases.PermissionTest.setUp(PermissionTest.java:48)
at testcases.PermissionTest.setUp(PermissionTest.java:48)
at testcases.PermissionTest.setUp(PermissionTest.java:48)
at testcases.PermissionTest.setUp(PermissionTest.java:48)
at testcases.PermissionTest.setUp(PermissionTest.java:48)
at testcases.PermissionTest.setUp(PermissionTest.java:48)
at testcases.PermissionTest.setUp(PermissionTest.java:48)
at testcases.PermissionTest.setUp(PermissionTest.java:48)
at testcases.PermissionTest.setUp(PermissionTest.java:48)
at testcases.PermissionTest.setUp(PermissionTest.java:48)
at testcases.PermissionTest.setUp(PermissionTest.java:48)
at testcases.PermissionTest.setUp(PermissionTest.java:48)
at testcases.PermissionTest.setUp(PermissionTest.java:48)
at testcases.PermissionTest.setUp(PermissionTest.java:48)
at testcases.PermissionTest.setUp(PermissionTest.java:48)
at testcases.PermissionTest.setUp(PermissionTest.java:48)
at testcases.PermissionTest.setUp(PermissionTest.java:48)
at testcases.PermissionTest.setUp(PermissionTest.java:48)
at testcases.PermissionTest.setUp(PermissionTest.java:48)
at testcases.PermissionTest.setUp(PermissionTest.java:48)
at testcases.PermissionTest.setUp(PermissionTest.java:48)
at testcases.PermissionTest.setUp(PermissionTest.java:48)
at testcases.PermissionTest.setUp(PermissionTest.java:48)
at testcases.PermissionTest.setUp(PermissionTest.java:48)
at testcases.PermissionTest.setUp(PermissionTest.java:48)
at testcases.PermissionTest.setUp(PermissionTest.java:48)
at testcases.PermissionTest.setUp(PermissionTest.java:48)
at testcases.PermissionTest.setUp(PermissionTest.java:48)
at testcases.PermissionTest.setUp(PermissionTest.java:48)
at testcases.PermissionTest.setUp(PermissionTest.java:48)
at testcases.PermissionTest.setUp(PermissionTest.java:48)
at testcases.PermissionTest.setUp(PermissionTest.java:48)
at testcases.PermissionTest.setUp(PermissionTest.java:48)
at testcases.PermissionTest.setUp(PermissionTest.java:48)
at testcases.PermissionTest.setUp(PermissionTest.java:48)
at testcases.PermissionTest.setUp(PermissionTest.java:48)
at testcases.PermissionTest.setUp(PermissionTest.java:48)
at testcases.PermissionTest.setUp(PermissionTest.java:48)
at testcases.PermissionTest.setUp(PermissionTest.java:48)
at testcases.PermissionTest.setUp(PermissionTest.java:48)
at testcases.PermissionTest.setUp(PermissionTest.java:48)
at testcases.PermissionTest.setUp(PermissionTest.java:48)
at testcases.PermissionTest.setUp(PermissionTest.java:48)
at testcases.PermissionTest.setUp(PermissionTest.java:48)
at testcases.PermissionTest.setUp(PermissionTest.java:48)
at testcases.PermissionTest.setUp(PermissionTest.java:48)
at testcases.PermissionTest.setUp(PermissionTest.java:48)
at testcases.PermissionTest.setUp(PermissionTest.java:48)
at testcases.PermissionTest.setUp(PermissionTest.java:48)
at testcases.PermissionTest.setUp(PermissionTest.java:48)
at testcases.PermissionTest.setUp(PermissionTest.java:48)
at testcases.PermissionTest.setUp(PermissionTest.java:48)
at testcases.PermissionTest.setUp(PermissionTest.java:48)
at testcases.PermissionTest.setUp(PermissionTest.java:48)
at testcases.PermissionTest.setUp(PermissionTest.java:48)
at testcases.PermissionTest.setUp(PermissionTest.java:48)
at testcases.PermissionTest.setUp(PermissionTest.java:48)
at testcases.PermissionTest.setUp(PermissionTest.java:48)
at testcases.PermissionTest.setUp(PermissionTest.java:48)
at testcases.PermissionTest.setUp(PermissionTest.java:48)
at testcases.PermissionTest.setUp(PermissionTest.java:48)
at testcases.PermissionTest.setUp(PermissionTest.java:48)
at testcases.PermissionTest.setUp(PermissionTest.java:48)
at testcases.PermissionTest.setUp(PermissionTest.java:48)
at testcases.PermissionTest.setUp(PermissionTest.java:48)
at testcases.PermissionTest.setUp(PermissionTest.java:48)
at testcases.PermissionTest.setUp(PermissionTest.java:48)
at testcases.PermissionTest.setUp(PermissionTest.java:48)
at testcases.PermissionTest.setUp(PermissionTest.java:48)
at testcases.PermissionTest.setUp(PermissionTest.java:48)
at testcases.PermissionTest.setUp(PermissionTest.java:48)
at testcases.PermissionTest.setUp(PermissionTest.java:48)
at testcases.PermissionTest.setUp(PermissionTest.java:48)
at testcases.PermissionTest.setUp(PermissionTest.java:48)
at testcases.PermissionTest.setUp(PermissionTest.java:48)
at testcases.PermissionTest.setUp(PermissionTest.java:48)
at testcases.PermissionTest.setUp(PermissionTest.java:48)
at testcases.PermissionTest.setUp(PermissionTest.java:48)
at testcases.PermissionTest.setUp(PermissionTest.java:48)
at testcases.PermissionTest.setUp(PermissionTest.java:48)
at testcases.PermissionTest.setUp(PermissionTest.java:48)
at testcases.PermissionTest.setUp(PermissionTest.java:48)
at testcases.PermissionTest.setUp(PermissionTest.java:48)
at testcases.PermissionTest.setUp(PermissionTest.java:48)
at testcases.PermissionTest.setUp(PermissionTest.java:48)
at testcases.PermissionTest.setUp(PermissionTest.java:48)
at testcases.PermissionTest.setUp(PermissionTest.java:48)
at testcases.PermissionTest.setUp(PermissionTest.java:48)
at testcases.PermissionTest.setUp(PermissionTest.java:48)
at testcases.PermissionTest.setUp(PermissionTest.java:48)
at testcases.PermissionTest.setUp(PermissionTest.java:48)
at testcases.PermissionTest.setUp(PermissionTest.java:48)
at testcases.PermissionTest.setUp(PermissionTest.java:48)
at testcases.PermissionTest.setUp(PermissionTest.java:48)
at testcases.PermissionTest.setUp(PermissionTest.java:48)
at testcases.PermissionTest.setUp(PermissionTest.java:48)
at testcases.PermissionTest.setUp(PermissionTest.java:48)
at testcases.PermissionTest.setUp(PermissionTest.java:48)
at testcases.PermissionTest.setUp(PermissionTest.java:48)
at testcases.PermissionTest.setUp(PermissionTest.java:48)
at testcases.PermissionTest.setUp(PermissionTest.java:48)
at testcases.PermissionTest.setUp(PermissionTest.java:48)
at testcases.PermissionTest.setUp(PermissionTest.java:48)
at testcases.PermissionTest.setUp(PermissionTest.java:48)
at testcases.PermissionTest.setUp(PermissionTest.java:48)
at testcases.PermissionTest.setUp(PermissionTest.java:48)
at testcases.PermissionTest.setUp(PermissionTest.java:48)
at testcases.PermissionTest.setUp(PermissionTest.java:48)
at testcases.PermissionTest.setUp(PermissionTest.java:48)
at testcases.PermissionTest.setUp(PermissionTest.java:48)
at testcases.PermissionTest.setUp(PermissionTest.java:48)
at testcases.PermissionTest.setUp(PermissionTest.java:48)
at testcases.PermissionTest.setUp(PermissionTest.java:48)
at testcases.PermissionTest.setUp(PermissionTest.java:48)
at testcases.PermissionTest.setUp(PermissionTest.java:48)
at testcases.PermissionTest.setUp(PermissionTest.java:48)
at testcases.PermissionTest.setUp(PermissionTest.java:48)
at testcases.PermissionTest.setUp(PermissionTest.java:48)
at testcases.PermissionTest.setUp(PermissionTest.java:48)
at testcases.PermissionTest.setUp(PermissionTest.java:48)
at testcases.PermissionTest.setUp(PermissionTest.java:48)
at testcases.PermissionTest.setUp(PermissionTest.java:48)
at testcases.PermissionTest.setUp(PermissionTest.java:48)
at testcases.PermissionTest.setUp(PermissionTest.java:48)
at testcases.PermissionTest.setUp(PermissionTest.java:48)
at testcases.PermissionTest.setUp(PermissionTest.java:48)
at testcases.PermissionTest.setUp(PermissionTest.java:48)
at testcases.PermissionTest.setUp(PermissionTest.java:48)
at testcases.PermissionTest.setUp(PermissionTest.java:48)
at testcases.PermissionTest.setUp(PermissionTest.java:48)
at testcases.PermissionTest.setUp(PermissionTest.java:48)
at testcases.PermissionTest.setUp(PermissionTest.java:48)
at testcases.PermissionTest.setUp(PermissionTest.java:48)
at testcases.PermissionTest.setUp(PermissionTest.java:48)
at testcases.PermissionTest.setUp(PermissionTest.java:48)
at testcases.PermissionTest.setUp(PermissionTest.java:48)
at testcases.PermissionTest.setUp(PermissionTest.java:48)
at testcases.PermissionTest.setUp(PermissionTest.java:48)
at testcases.PermissionTest.setUp(PermissionTest.java:48)
at testcases.PermissionTest.setUp(PermissionTest.java:48)
at testcases.PermissionTest.setUp(PermissionTest.java:48)
at testcases.PermissionTest.setUp(PermissionTest.java:48)
at testcases.PermissionTest.setUp(PermissionTest.java:48)
at testcases.PermissionTest.setUp(PermissionTest.java:48)
at testcases.PermissionTest.setUp(PermissionTest.java:48)
at testcases.PermissionTest.setUp(PermissionTest.java:48)
at testcases.PermissionTest.setUp(PermissionTest.java:48)
at testcases.PermissionTest.setUp(PermissionTest.java:48)
at testcases.PermissionTest.setUp(PermissionTest.java:48)
at testcases.PermissionTest.setUp(PermissionTest.java:48)
at testcases.PermissionTest.setUp(PermissionTest.java:48)
at testcases.PermissionTest.setUp(PermissionTest.java:48)
at testcases.PermissionTest.setUp(PermissionTest.java:48)
at testcases.PermissionTest.setUp(PermissionTest.java:48)
at testcases.PermissionTest.setUp(PermissionTest.java:48)
at testcases.PermissionTest.setUp(PermissionTest.java:48)
at testcases.PermissionTest.setUp(PermissionTest.java:48)
at testcases.PermissionTest.setUp(PermissionTest.java:48)
at testcases.PermissionTest.setUp(PermissionTest.java:48)
at testcases.PermissionTest.setUp(PermissionTest.java:48)
at testcases.PermissionTest.setUp(PermissionTest.java:48)
at testcases.PermissionTest.setUp(PermissionTest.java:48)
at testcases.PermissionTest.setUp(PermissionTest.java:48)
at testcases.PermissionTest.setUp(PermissionTest.java:48)
at testcases.PermissionTest.setUp(PermissionTest.java:48)
at testcases.PermissionTest.setUp(PermissionTest.java:48)
at testcases.PermissionTest.setUp(PermissionTest.java:48)
at testcases.PermissionTest.setUp(PermissionTest.java:48)
at testcases.PermissionTest.setUp(PermissionTest.java:48)
at testcases.PermissionTest.setUp(PermissionTest.java:48)
at testcases.PermissionTest.setUp(PermissionTest.java:48)
at testcases.PermissionTest.setUp(PermissionTest.java:48)
at testcases.PermissionTest.setUp(PermissionTest.java:48)
at testcases.PermissionTest.setUp(PermissionTest.java:48)
at testcases.PermissionTest.setUp(PermissionTest.java:48)
at testcases.PermissionTest.setUp(PermissionTest.java:48)
at testcases.PermissionTest.setUp(PermissionTest.java:48)
at testcases.PermissionTest.setUp(PermissionTest.java:48)
at testcases.PermissionTest.setUp(PermissionTest.java:48)
at testcases.PermissionTest.setUp(PermissionTest.java:48)
at testcases.PermissionTest.setUp(PermissionTest.java:48)
at testcases.PermissionTest.setUp(PermissionTest.java:48)
at testcases.PermissionTest.setUp(PermissionTest.java:48)
at testcases.PermissionTest.setUp(PermissionTest.java:48)
at testcases.PermissionTest.setUp(PermissionTest.java:48)
at testcases.PermissionTest.setUp(PermissionTest.java:48)
at testcases.PermissionTest.setUp(PermissionTest.java:48)
at testcases.PermissionTest.setUp(PermissionTest.java:48)
at testcases.PermissionTest.setUp(PermissionTest.java:48)
at testcases.PermissionTest.setUp(PermissionTest.java:48)
at testcases.PermissionTest.setUp(PermissionTest.java:48)
at testcases.PermissionTest.setUp(PermissionTest.java:48)
at testcases.PermissionTest.setUp(PermissionTest.java:48)
at testcases.PermissionTest.setUp(PermissionTest.java:48)
at testcases.PermissionTest.setUp(PermissionTest.java:48)
at testcases.PermissionTest.setUp(PermissionTest.java:48)
at testcases.PermissionTest.setUp(PermissionTest.java:48)
at testcases.PermissionTest.setUp(PermissionTest.java:48)
at testcases.PermissionTest.setUp(PermissionTest.java:48)
at testcases.PermissionTest.setUp(PermissionTest.java:48)
at testcases.PermissionTest.setUp(PermissionTest.java:48)
at testcases.PermissionTest.setUp(PermissionTest.java:48)
at testcases.PermissionTest.setUp(PermissionTest.java:48)
at testcases.PermissionTest.setUp(PermissionTest.java:48)
at testcases.PermissionTest.setUp(PermissionTest.java:48)
at testcases.PermissionTest.setUp(PermissionTest.java:48)
at testcases.PermissionTest.setUp(PermissionTest.java:48)
at testcases.PermissionTest.setUp(PermissionTest.java:48)
at testcases.PermissionTest.setUp(PermissionTest.java:48)
at testcases.PermissionTest.setUp(PermissionTest.java:48)
at testcases.PermissionTest.setUp(PermissionTest.java:48)
at testcases.PermissionTest.setUp(PermissionTest.java:48)
at testcases.PermissionTest.setUp(PermissionTest.java:48)
at testcases.PermissionTest.setUp(PermissionTest.java:48)
at testcases.PermissionTest.setUp(PermissionTest.java:48)
at testcases.PermissionTest.setUp(PermissionTest.java:48)
at testcases.PermissionTest.setUp(PermissionTest.java:48)
at testcases.PermissionTest.setUp(PermissionTest.java:48)
at testcases.PermissionTest.setUp(PermissionTest.java:48)
at testcases.PermissionTest.setUp(PermissionTest.java:48)
at testcases.PermissionTest.setUp(PermissionTest.java:48)
at testcases.PermissionTest.setUp(PermissionTest.java:48)
at testcases.PermissionTest.setUp(PermissionTest.java:48)
at testcases.PermissionTest.setUp(PermissionTest.java:48)
at testcases.PermissionTest.setUp(PermissionTest.java:48)
at testcases.PermissionTest.setUp(PermissionTest.java:48)
at testcases.PermissionTest.setUp(PermissionTest.java:48)
at testcases.PermissionTest.setUp(PermissionTest.java:48)
at testcases.PermissionTest.setUp(PermissionTest.java:48)
at testcases.PermissionTest.setUp(PermissionTest.java:48)
at testcases.PermissionTest.setUp(PermissionTest.java:48)
at testcases.PermissionTest.setUp(PermissionTest.java:48)
at testcases.PermissionTest.setUp(PermissionTest.java:48)
at testcases.PermissionTest.setUp(PermissionTest.java:48)
at testcases.PermissionTest.setUp(PermissionTest.java:48)
at testcases.PermissionTest.setUp(PermissionTest.java:48)
at testcases.PermissionTest.setUp(PermissionTest.java:48)
at testcases.PermissionTest.setUp(PermissionTest.java:48)
at testcases.PermissionTest.setUp(PermissionTest.java:48)
at testcases.PermissionTest.setUp(PermissionTest.java:48)
at testcases.PermissionTest.setUp(PermissionTest.java:48)
at testcases.PermissionTest.setUp(PermissionTest.java:48)
at testcases.PermissionTest.setUp(PermissionTest.java:48)
at testcases.PermissionTest.setUp(PermissionTest.java:48)
at testcases.PermissionTest.setUp(PermissionTest.java:48)
at testcases.PermissionTest.setUp(PermissionTest.java:48)
at testcases.PermissionTest.setUp(PermissionTest.java:48)
at testcases.PermissionTest.setUp(PermissionTest.java:48)
at testcases.PermissionTest.setUp(PermissionTest.java:48)
at testcases.PermissionTest.setUp(PermissionTest.java:48)
at testcases.PermissionTest.setUp(PermissionTest.java:48)
at testcases.PermissionTest.setUp(PermissionTest.java:48)
at testcases.PermissionTest.setUp(PermissionTest.java:48)
at testcases.PermissionTest.setUp(PermissionTest.java:48)
at testcases.PermissionTest.setUp(PermissionTest.java:48)
at testcases.PermissionTest.setUp(PermissionTest.java:48)
at testcases.PermissionTest.setUp(PermissionTest.java:48)
at testcases.PermissionTest.setUp(PermissionTest.java:48)
at testcases.PermissionTest.setUp(PermissionTest.java:48)
at testcases.PermissionTest.setUp(PermissionTest.java:48)
at testcases.PermissionTest.setUp(PermissionTest.java:48)
at testcases.PermissionTest.setUp(PermissionTest.java:48)
at testcases.PermissionTest.setUp(PermissionTest.java:48)
at testcases.PermissionTest.setUp(PermissionTest.java:48)
at testcases.PermissionTest.setUp(PermissionTest.java:48)
at testcases.PermissionTest.setUp(PermissionTest.java:48)
at testcases.PermissionTest.setUp(PermissionTest.java:48)
at testcases.PermissionTest.setUp(PermissionTest.java:48)
at testcases.PermissionTest.setUp(PermissionTest.java:48)
at testcases.PermissionTest.setUp(PermissionTest.java:48)
at testcases.PermissionTest.setUp(PermissionTest.java:48)
at testcases.PermissionTest.setUp(PermissionTest.java:48)
at testcases.PermissionTest.setUp(PermissionTest.java:48)
at testcases.PermissionTest.setUp(PermissionTest.java:48)
at testcases.PermissionTest.setUp(PermissionTest.java:48)
at testcases.PermissionTest.setUp(PermissionTest.java:48)
at testcases.PermissionTest.setUp(PermissionTest.java:48)
at testcases.PermissionTest.setUp(PermissionTest.java:48)
at testcases.PermissionTest.setUp(PermissionTest.java:48)
at testcases.PermissionTest.setUp(PermissionTest.java:48)
at testcases.PermissionTest.setUp(PermissionTest.java:48)
at testcases.PermissionTest.setUp(PermissionTest.java:48)
at testcases.PermissionTest.setUp(PermissionTest.java:48)
at testcases.PermissionTest.setUp(PermissionTest.java:48)
at testcases.PermissionTest.setUp(PermissionTest.java:48)
at testcases.PermissionTest.setUp(PermissionTest.java:48)
at testcases.PermissionTest.setUp(PermissionTest.java:48)
at testcases.PermissionTest.setUp(PermissionTest.java:48)
at testcases.PermissionTest.setUp(PermissionTest.java:48)
at testcases.PermissionTest.setUp(PermissionTest.java:48)
at testcases.PermissionTest.setUp(PermissionTest.java:48)
at testcases.PermissionTest.setUp(PermissionTest.java:48)
at testcases.PermissionTest.setUp(PermissionTest.java:48)
at testcases.PermissionTest.setUp(PermissionTest.java:48)
at testcases.PermissionTest.setUp(PermissionTest.java:48)
at testcases.PermissionTest.setUp(PermissionTest.java:48)
at testcases.PermissionTest.setUp(PermissionTest.java:48)
at testcases.PermissionTest.setUp(PermissionTest.java:48)
at testcases.PermissionTest.setUp(PermissionTest.java:48)
at testcases.PermissionTest.setUp(PermissionTest.java:48)
at testcases.PermissionTest.setUp(PermissionTest.java:48)
at testcases.PermissionTest.setUp(PermissionTest.java:48)
at testcases.PermissionTest.setUp(PermissionTest.java:48)
at testcases.PermissionTest.setUp(PermissionTest.java:48)
at testcases.PermissionTest.setUp(PermissionTest.java:48)
at testcases.PermissionTest.setUp(PermissionTest.java:48)
at testcases.PermissionTest.setUp(PermissionTest.java:48)
at testcases.PermissionTest.setUp(PermissionTest.java:48)
at testcases.PermissionTest.setUp(PermissionTest.java:48)
at testcases.PermissionTest.setUp(PermissionTest.java:48)
at testcases.PermissionTest.setUp(PermissionTest.java:48)
at testcases.PermissionTest.setUp(PermissionTest.java:48)
at testcases.PermissionTest.setUp(PermissionTest.java:48)
at testcases.PermissionTest.setUp(PermissionTest.java:48)
at testcases.PermissionTest.setUp(PermissionTest.java:48)
at testcases.PermissionTest.setUp(PermissionTest.java:48)
at testcases.PermissionTest.setUp(PermissionTest.java:48)
at testcases.PermissionTest.setUp(PermissionTest.java:48)
at testcases.PermissionTest.setUp(PermissionTest.java:48)
at testcases.PermissionTest.setUp(PermissionTest.java:48)
at testcases.PermissionTest.setUp(PermissionTest.java:48)
at testcases.PermissionTest.setUp(PermissionTest.java:48)
at testcases.PermissionTest.setUp(PermissionTest.java:48)
at testcases.PermissionTest.setUp(PermissionTest.java:48)
at testcases.PermissionTest.setUp(PermissionTest.java:48)
at testcases.PermissionTest.setUp(PermissionTest.java:48)
at testcases.PermissionTest.setUp(PermissionTest.java:48)
at testcases.PermissionTest.setUp(PermissionTest.java:48)
at testcases.PermissionTest.setUp(PermissionTest.java:48)
at testcases.PermissionTest.setUp(PermissionTest.java:48)
at testcases.PermissionTest.setUp(PermissionTest.java:48)
at testcases.PermissionTest.setUp(PermissionTest.java:48)
at testcases.PermissionTest.setUp(PermissionTest.java:48)
at testcases.PermissionTest.setUp(PermissionTest.java:48)
at testcases.PermissionTest.setUp(PermissionTest.java:48)
at testcases.PermissionTest.setUp(PermissionTest.java:48)
at testcases.PermissionTest.setUp(PermissionTest.java:48)
at testcases.PermissionTest.setUp(PermissionTest.java:48)
at testcases.PermissionTest.setUp(PermissionTest.java:48)
at testcases.PermissionTest.setUp(PermissionTest.java:48)
at testcases.PermissionTest.setUp(PermissionTest.java:48)
at testcases.PermissionTest.setUp(PermissionTest.java:48)
at testcases.PermissionTest.setUp(PermissionTest.java:48)
at testcases.PermissionTest.setUp(PermissionTest.java:48)
at testcases.PermissionTest.setUp(PermissionTest.java:48)
at testcases.PermissionTest.setUp(PermissionTest.java:48)
at testcases.PermissionTest.setUp(PermissionTest.java:48)
at testcases.PermissionTest.setUp(PermissionTest.java:48)
at testcases.PermissionTest.setUp(PermissionTest.java:48)
at testcases.PermissionTest.setUp(PermissionTest.java:48)
at testcases.PermissionTest.setUp(PermissionTest.java:48)
at testcases.PermissionTest.setUp(PermissionTest.java:48)
at testcases.PermissionTest.setUp(PermissionTest.java:48)
at testcases.PermissionTest.setUp(PermissionTest.java:48)
at testcases.PermissionTest.setUp(PermissionTest.java:48)
at testcases.PermissionTest.setUp(PermissionTest.java:48)
at testcases.PermissionTest.setUp(PermissionTest.java:48)
at testcases.PermissionTest.setUp(PermissionTest.java:48)
at testcases.PermissionTest.setUp(PermissionTest.java:48)
at testcases.PermissionTest.setUp(PermissionTest.java:48)
at testcases.PermissionTest.setUp(PermissionTest.java:48)
at testcases.PermissionTest.setUp(PermissionTest.java:48)
at testcases.PermissionTest.setUp(PermissionTest.java:48)
at testcases.PermissionTest.setUp(PermissionTest.java:48)
at testcases.PermissionTest.setUp(PermissionTest.java:48)
at testcases.PermissionTest.setUp(PermissionTest.java:48)
at testcases.PermissionTest.setUp(PermissionTest.java:48)
at testcases.PermissionTest.setUp(PermissionTest.java:48)
at testcases.PermissionTest.setUp(PermissionTest.java:48)
at testcases.PermissionTest.setUp(PermissionTest.java:48)
at testcases.PermissionTest.setUp(PermissionTest.java:48)
at testcases.PermissionTest.setUp(PermissionTest.java:48)
at testcases.PermissionTest.setUp(PermissionTest.java:48)
at testcases.PermissionTest.setUp(PermissionTest.java:48)
at testcases.PermissionTest.setUp(PermissionTest.java:48)
at testcases.PermissionTest.setUp(PermissionTest.java:48)
at testcases.PermissionTest.setUp(PermissionTest.java:48)
at testcases.PermissionTest.setUp(PermissionTest.java:48)
at testcases.PermissionTest.setUp(PermissionTest.java:48)
at testcases.PermissionTest.setUp(PermissionTest.java:48)
at testcases.PermissionTest.setUp(PermissionTest.java:48)
at testcases.PermissionTest.setUp(PermissionTest.java:48)
at testcases.PermissionTest.setUp(PermissionTest.java:48)
at testcases.PermissionTest.setUp(PermissionTest.java:48)
at testcases.PermissionTest.setUp(PermissionTest.java:48)
at testcases.PermissionTest.setUp(PermissionTest.java:48)
at testcases.PermissionTest.setUp(PermissionTest.java:48)
at testcases.PermissionTest.setUp(PermissionTest.java:48)
at testcases.PermissionTest.setUp(PermissionTest.java:48)
at testcases.PermissionTest.setUp(PermissionTest.java:48)
at testcases.PermissionTest.setUp(PermissionTest.java:48)
at testcases.PermissionTest.setUp(PermissionTest.java:48)
at testcases.PermissionTest.setUp(PermissionTest.java:48)
at testcases.PermissionTest.setUp(PermissionTest.java:48)
at testcases.PermissionTest.setUp(PermissionTest.java:48)
at testcases.PermissionTest.setUp(PermissionTest.java:48)
at testcases.PermissionTest.setUp(PermissionTest.java:48)
at testcases.PermissionTest.setUp(PermissionTest.java:48)
at testcases.PermissionTest.setUp(PermissionTest.java:48)
at testcases.PermissionTest.setUp(PermissionTest.java:48)
at testcases.PermissionTest.setUp(PermissionTest.java:48)
at testcases.PermissionTest.setUp(PermissionTest.java:48)
at testcases.PermissionTest.setUp(PermissionTest.java:48)
at testcases.PermissionTest.setUp(PermissionTest.java:48)
at testcases.PermissionTest.setUp(PermissionTest.java:48)
at testcases.PermissionTest.setUp(PermissionTest.java:48)
at testcases.PermissionTest.setUp(PermissionTest.java:48)
at testcases.PermissionTest.setUp(PermissionTest.java:48)
at testcases.PermissionTest.setUp(PermissionTest.java:48)
at testcases.PermissionTest.setUp(PermissionTest.java:48)
at testcases.PermissionTest.setUp(PermissionTest.java:48)
at testcases.PermissionTest.setUp(PermissionTest.java:48)
at testcases.PermissionTest.setUp(PermissionTest.java:48)
at testcases.PermissionTest.setUp(PermissionTest.java:48)
at testcases.PermissionTest.setUp(PermissionTest.java:48)
at testcases.PermissionTest.setUp(PermissionTest.java:48)
at testcases.PermissionTest.setUp(PermissionTest.java:48)
at testcases.PermissionTest.setUp(PermissionTest.java:48)
at testcases.PermissionTest.setUp(PermissionTest.java:48)
at testcases.PermissionTest.setUp(PermissionTest.java:48)
at testcases.PermissionTest.setUp(PermissionTest.java:48)
at testcases.PermissionTest.setUp(PermissionTest.java:48)
at testcases.PermissionTest.setUp(PermissionTest.java:48)
at testcases.PermissionTest.setUp(PermissionTest.java:48)
at testcases.PermissionTest.setUp(PermissionTest.java:48)
at testcases.PermissionTest.setUp(PermissionTest.java:48)
at testcases.PermissionTest.setUp(PermissionTest.java:48)
at testcases.PermissionTest.setUp(PermissionTest.java:48)
at testcases.PermissionTest.setUp(PermissionTest.java:48)
at testcases.PermissionTest.setUp(PermissionTest.java:48)
at testcases.PermissionTest.setUp(PermissionTest.java:48)
at testcases.PermissionTest.setUp(PermissionTest.java:48)
at testcases.PermissionTest.setUp(PermissionTest.java:48)
at testcases.PermissionTest.setUp(PermissionTest.java:48)
at testcases.PermissionTest.setUp(PermissionTest.java:48)
at testcases.PermissionTest.setUp(PermissionTest.java:48)
at testcases.PermissionTest.setUp(PermissionTest.java:48)
at testcases.PermissionTest.setUp(PermissionTest.java:48)
at testcases.PermissionTest.setUp(PermissionTest.java:48)
at testcases.PermissionTest.setUp(PermissionTest.java:48)
at testcases.PermissionTest.setUp(PermissionTest.java:48)
at testcases.PermissionTest.setUp(PermissionTest.java:48)
at testcases.PermissionTest.setUp(PermissionTest.java:48)
at testcases.PermissionTest.setUp(PermissionTest.java:48)
at testcases.PermissionTest.setUp(PermissionTest.java:48)
at testcases.PermissionTest.setUp(PermissionTest.java:48)
at testcases.PermissionTest.setUp(PermissionTest.java:48)
at testcases.PermissionTest.setUp(PermissionTest.java:48)
at testcases.PermissionTest.setUp(PermissionTest.java:48)
at testcases.PermissionTest.setUp(PermissionTest.java:48)
at testcases.PermissionTest.setUp(PermissionTest.java:48)
at testcases.PermissionTest.setUp(PermissionTest.java:48)
at testcases.PermissionTest.setUp(PermissionTest.java:48)
at testcases.PermissionTest.setUp(PermissionTest.java:48)
at testcases.PermissionTest.setUp(PermissionTest.java:48)
at testcases.PermissionTest.setUp(PermissionTest.java:48)
at testcases.PermissionTest.setUp(PermissionTest.java:48)
at testcases.PermissionTest.setUp(PermissionTest.java:48)
at testcases.PermissionTest.setUp(PermissionTest.java:48)
at testcases.PermissionTest.setUp(PermissionTest.java:48)
at testcases.PermissionTest.setUp(PermissionTest.java:48)
at testcases.PermissionTest.setUp(PermissionTest.java:48)
at testcases.PermissionTest.setUp(PermissionTest.java:48)
at testcases.PermissionTest.setUp(PermissionTest.java:48)
at testcases.PermissionTest.setUp(PermissionTest.java:48)
at testcases.PermissionTest.setUp(PermissionTest.java:48)
at testcases.PermissionTest.setUp(PermissionTest.java:48)
at testcases.PermissionTest.setUp(PermissionTest.java:48)
at testcases.PermissionTest.setUp(PermissionTest.java:48)
at testcases.PermissionTest.setUp(PermissionTest.java:48)
at testcases.PermissionTest.setUp(PermissionTest.java:48)
at testcases.PermissionTest.setUp(PermissionTest.java:48)
at testcases.PermissionTest.setUp(PermissionTest.java:48)
at testcases.PermissionTest.setUp(PermissionTest.java:48)
at testcases.PermissionTest.setUp(PermissionTest.java:48)
at testcases.PermissionTest.setUp(PermissionTest.java:48)
at testcases.PermissionTest.setUp(PermissionTest.java:48)
at testcases.PermissionTest.setUp(PermissionTest.java:48)
at testcases.PermissionTest.setUp(PermissionTest.java:48)
at testcases.PermissionTest.setUp(PermissionTest.java:48)
at testcases.PermissionTest.setUp(PermissionTest.java:48)
at testcases.PermissionTest.setUp(PermissionTest.java:48)
at testcases.PermissionTest.setUp(PermissionTest.java:48)
at testcases.PermissionTest.setUp(PermissionTest.java:48)
]]>
    </failure>
  </testcase> <!-- @BeforeMethod setUp -->
  <testcase classname="testcases.PermissionTest" name="@AfterMethod closeBrowser" time="-1.673338583405E9">
    <skipped/>
  </testcase> <!-- @AfterMethod closeBrowser -->
  <testcase classname="testcases.PermissionTest" name="@BeforeMethod setUp" time="-1.673338583425E9">
    <skipped/>
  </testcase> <!-- @BeforeMethod setUp -->
  <testcase classname="testcases.PermissionTest" name="@AfterMethod closeBrowser" time="-1.67333858351E9">
    <skipped/>
  </testcase> <!-- @AfterMethod closeBrowser -->
  <testcase classname="testcases.PermissionTest" name="@BeforeMethod setUp" time="-1.673338583514E9">
    <skipped/>
  </testcase> <!-- @BeforeMethod setUp -->
  <testcase classname="testcases.PermissionTest" name="@AfterMethod closeBrowser" time="-1.673338583552E9">
    <skipped/>
  </testcase> <!-- @AfterMethod closeBrowser -->
  <testcase classname="testcases.PermissionTest" name="@BeforeMethod setUp" time="-1.673338583558E9">
    <skipped/>
  </testcase> <!-- @BeforeMethod setUp -->
  <testcase classname="testcases.PermissionTest" name="@AfterMethod closeBrowser" time="-1.673338583592E9">
    <skipped/>
  </testcase> <!-- @AfterMethod closeBrowser -->
  <testcase classname="testcases.PermissionTest" name="@BeforeMethod setUp" time="-1.67333858361E9">
    <skipped/>
  </testcase> <!-- @BeforeMethod setUp -->
  <testcase classname="testcases.PermissionTest" name="@AfterMethod closeBrowser" time="-1.673338583634E9">
    <skipped/>
  </testcase> <!-- @AfterMethod closeBrowser -->
  <testcase classname="testcases.PermissionTest" name="@BeforeMethod setUp" time="-1.673338583638E9">
    <skipped/>
  </testcase> <!-- @BeforeMethod setUp -->
  <testcase classname="testcases.PermissionTest" name="@AfterMethod closeBrowser" time="-1.673338583657E9">
    <skipped/>
  </testcase> <!-- @AfterMethod closeBrowser -->
  <testcase classname="testcases.PermissionTest" name="@BeforeMethod setUp" time="-1.673338583659E9">
    <skipped/>
  </testcase> <!-- @BeforeMethod setUp -->
  <testcase classname="testcases.PermissionTest" name="@AfterMethod closeBrowser" time="-1.673338583674E9">
    <skipped/>
  </testcase> <!-- @AfterMethod closeBrowser -->
  <testcase classname="testcases.PermissionTest" name="testGroupConnUseonly" time="0.0">
    <skipped/>
  </testcase> <!-- testGroupConnUseonly -->
  <testcase classname="testcases.PermissionTest" name="testGroupConnNone" time="0.0">
    <skipped/>
  </testcase> <!-- testGroupConnNone -->
  <testcase classname="testcases.PermissionTest" name="testConnUseOnly" time="0.0">
    <skipped/>
  </testcase> <!-- testConnUseOnly -->
  <testcase classname="testcases.PermissionTest" name="testConnNone" time="0.0">
    <skipped/>
  </testcase> <!-- testConnNone -->
  <testcase classname="testcases.PermissionTest" name="testGroupEditorPrem" time="0.0">
    <skipped/>
  </testcase> <!-- testGroupEditorPrem -->
  <testcase classname="testcases.PermissionTest" name="testGroupPreviewPrem" time="0.0">
    <skipped/>
  </testcase> <!-- testGroupPreviewPrem -->
  <testcase classname="testcases.PermissionTest" name="testGroupNonePrem" time="0.0">
    <skipped/>
  </testcase> <!-- testGroupNonePrem -->
  <testcase classname="testcases.PermissionTest" name="testNone" time="0.0">
    <skipped/>
  </testcase> <!-- testNone -->
  <testcase classname="testcases.PermissionTest" name="testPreviewOnly" time="0.0">
    <skipped/>
  </testcase> <!-- testPreviewOnly -->
  <testcase classname="testcases.PermissionTest" name="testEditor" time="0.0">
    <skipped/>
  </testcase> <!-- testEditor -->
</testsuite> <!-- PermissionTest -->
