<?xml version="1.0" encoding="UTF-8"?>
<testng-results retried="16" ignored="15" total="72" passed="9" failed="11" skipped="21">
  <reporter-output>
  </reporter-output>
  <suite started-at="2023-01-10T13:00:14 IST" name="Suite" finished-at="2023-01-10T13:46:23 IST" duration-ms="2769446">
    <groups>
    </groups>
    <test started-at="2023-01-10T13:00:14 IST" name="GraphQL" finished-at="2023-01-10T13:02:32 IST" duration-ms="138494">
      <class name="testcases.ConnectorsTest">
        <test-method is-config="true" signature="startTest(org.testng.ITestContext)[pri:0, instance:testcases.ConnectorsTest@4a7f959b]" started-at="2023-01-10T13:00:14 IST" name="startTest" finished-at="2023-01-10T13:00:14 IST" duration-ms="20" status="PASS">
          <params>
            <param index="0">
              <value>
                <![CDATA[org.testng.TestRunner@171823b4]]>
              </value>
            </param>
          </params>
          <reporter-output>
          </reporter-output>
        </test-method> <!-- startTest -->
        <test-method is-config="true" signature="setUp()[pri:0, instance:testcases.ConnectorsTest@4a7f959b]" started-at="2023-01-10T13:00:14 IST" name="setUp" finished-at="2023-01-10T13:00:37 IST" duration-ms="22826" status="PASS">
          <reporter-output>
          </reporter-output>
        </test-method> <!-- setUp -->
        <test-method signature="connectionTestApi(int, java.lang.String)[pri:0, instance:testcases.ConnectorsTest@4a7f959b]" started-at="2023-01-10T13:00:37 IST" name="connectionTestApi" finished-at="2023-01-10T13:00:39 IST" duration-ms="2826" status="PASS">
          <params>
            <param index="0">
              <value>
                <![CDATA[5]]>
              </value>
            </param>
            <param index="1">
              <value>
                <![CDATA[graphql]]>
              </value>
            </param>
          </params>
          <reporter-output>
          </reporter-output>
        </test-method> <!-- connectionTestApi -->
        <test-method is-config="true" signature="driverClose(org.testng.ITestResult, org.testng.ITestContext)[pri:0, instance:testcases.ConnectorsTest@4a7f959b]" started-at="2023-01-10T13:00:39 IST" name="driverClose" finished-at="2023-01-10T13:00:40 IST" duration-ms="211" status="PASS">
          <params>
            <param index="0">
              <value>
                <![CDATA[[TestResult name=connectionTestApi status=SUCCESS method=ConnectorsTest.connectionTestApi(int, java.lang.String)[pri:0, instance:testcases.ConnectorsTest@4a7f959b] output={null}]]]>
              </value>
            </param>
            <param index="1">
              <value>
                <![CDATA[org.testng.TestRunner@171823b4]]>
              </value>
            </param>
          </params>
          <reporter-output>
          </reporter-output>
        </test-method> <!-- driverClose -->
        <test-method is-config="true" signature="setUp()[pri:0, instance:testcases.ConnectorsTest@4a7f959b]" started-at="2023-01-10T13:00:40 IST" name="setUp" finished-at="2023-01-10T13:00:54 IST" duration-ms="14390" status="PASS">
          <reporter-output>
          </reporter-output>
        </test-method> <!-- setUp -->
        <test-method retried="true" signature="connectionSaveApi(int, java.lang.String)[pri:0, instance:testcases.ConnectorsTest@4a7f959b]" started-at="2023-01-10T13:00:54 IST" name="connectionSaveApi" finished-at="2023-01-10T13:01:17 IST" duration-ms="23210" status="SKIP">
          <params>
            <param index="0">
              <value>
                <![CDATA[5]]>
              </value>
            </param>
            <param index="1">
              <value>
                <![CDATA[graphql]]>
              </value>
            </param>
          </params>
          <exception class="java.lang.AssertionError">
            <message>
              <![CDATA[expected:<false> but was:<true>]]>
            </message>
            <full-stacktrace>
              <![CDATA[java.lang.AssertionError: expected:<false> but was:<true>
at org.testng.AssertJUnit.assertEquals(AssertJUnit.java:115)
at org.testng.AssertJUnit.assertEquals(AssertJUnit.java:125)
at testcases.ConnectorsTest.connectionSaveApi(ConnectorsTest.java:205)
at java.base/jdk.internal.reflect.NativeMethodAccessorImpl.invoke0(Native Method)
at java.base/jdk.internal.reflect.NativeMethodAccessorImpl.invoke(NativeMethodAccessorImpl.java:77)
at java.base/jdk.internal.reflect.DelegatingMethodAccessorImpl.invoke(DelegatingMethodAccessorImpl.java:43)
at java.base/java.lang.reflect.Method.invoke(Method.java:568)
at org.testng.internal.MethodInvocationHelper.invokeMethod(MethodInvocationHelper.java:132)
at org.testng.internal.TestInvoker.invokeMethod(TestInvoker.java:599)
at org.testng.internal.TestInvoker.invokeTestMethod(TestInvoker.java:174)
at org.testng.internal.MethodRunner.runInSequence(MethodRunner.java:46)
at org.testng.internal.TestInvoker$MethodInvocationAgent.invoke(TestInvoker.java:822)
at org.testng.internal.TestInvoker.invokeTestMethods(TestInvoker.java:147)
at org.testng.internal.TestMethodWorker.invokeTestMethods(TestMethodWorker.java:146)
at org.testng.internal.TestMethodWorker.run(TestMethodWorker.java:128)
at java.base/java.util.ArrayList.forEach(ArrayList.java:1511)
at org.testng.TestRunner.privateRun(TestRunner.java:764)
at org.testng.TestRunner.run(TestRunner.java:585)
at org.testng.SuiteRunner.runTest(SuiteRunner.java:384)
at org.testng.SuiteRunner.runSequentially(SuiteRunner.java:378)
at org.testng.SuiteRunner.privateRun(SuiteRunner.java:337)
at org.testng.SuiteRunner.run(SuiteRunner.java:286)
at org.testng.SuiteRunnerWorker.runSuite(SuiteRunnerWorker.java:53)
at org.testng.SuiteRunnerWorker.run(SuiteRunnerWorker.java:96)
at org.testng.TestNG.runSuitesSequentially(TestNG.java:1218)
at org.testng.TestNG.runSuitesLocally(TestNG.java:1140)
at org.testng.TestNG.runSuites(TestNG.java:1069)
at org.testng.TestNG.run(TestNG.java:1037)
at org.testng.remote.AbstractRemoteTestNG.run(AbstractRemoteTestNG.java:115)
at org.testng.remote.RemoteTestNG.initAndRun(RemoteTestNG.java:251)
at org.testng.remote.RemoteTestNG.main(RemoteTestNG.java:77)
]]>
            </full-stacktrace>
          </exception> <!-- java.lang.AssertionError -->
          <reporter-output>
          </reporter-output>
        </test-method> <!-- connectionSaveApi -->
        <test-method is-config="true" signature="driverClose(org.testng.ITestResult, org.testng.ITestContext)[pri:0, instance:testcases.ConnectorsTest@4a7f959b]" started-at="2023-01-10T13:01:17 IST" name="driverClose" finished-at="2023-01-10T13:01:18 IST" duration-ms="257" status="PASS">
          <params>
            <param index="0">
              <value>
                <![CDATA[[TestResult name=connectionSaveApi status=SKIP method=ConnectorsTest.connectionSaveApi(int, java.lang.String)[pri:0, instance:testcases.ConnectorsTest@4a7f959b] output={null}]]]>
              </value>
            </param>
            <param index="1">
              <value>
                <![CDATA[org.testng.TestRunner@171823b4]]>
              </value>
            </param>
          </params>
          <reporter-output>
          </reporter-output>
        </test-method> <!-- driverClose -->
        <test-method is-config="true" signature="setUp()[pri:0, instance:testcases.ConnectorsTest@4a7f959b]" started-at="2023-01-10T13:01:18 IST" name="setUp" finished-at="2023-01-10T13:01:32 IST" duration-ms="14293" status="PASS">
          <reporter-output>
          </reporter-output>
        </test-method> <!-- setUp -->
        <test-method retried="true" signature="connectionSaveApi(int, java.lang.String)[pri:0, instance:testcases.ConnectorsTest@4a7f959b]" started-at="2023-01-10T13:01:32 IST" name="connectionSaveApi" finished-at="2023-01-10T13:01:55 IST" duration-ms="22878" status="SKIP">
          <params>
            <param index="0">
              <value>
                <![CDATA[5]]>
              </value>
            </param>
            <param index="1">
              <value>
                <![CDATA[graphql]]>
              </value>
            </param>
          </params>
          <exception class="java.lang.AssertionError">
            <message>
              <![CDATA[expected:<false> but was:<true>]]>
            </message>
            <full-stacktrace>
              <![CDATA[java.lang.AssertionError: expected:<false> but was:<true>
at org.testng.AssertJUnit.assertEquals(AssertJUnit.java:115)
at org.testng.AssertJUnit.assertEquals(AssertJUnit.java:125)
at testcases.ConnectorsTest.connectionSaveApi(ConnectorsTest.java:205)
at java.base/jdk.internal.reflect.NativeMethodAccessorImpl.invoke0(Native Method)
at java.base/jdk.internal.reflect.NativeMethodAccessorImpl.invoke(NativeMethodAccessorImpl.java:77)
at java.base/jdk.internal.reflect.DelegatingMethodAccessorImpl.invoke(DelegatingMethodAccessorImpl.java:43)
at java.base/java.lang.reflect.Method.invoke(Method.java:568)
at org.testng.internal.MethodInvocationHelper.invokeMethod(MethodInvocationHelper.java:132)
at org.testng.internal.TestInvoker.invokeMethod(TestInvoker.java:599)
at org.testng.internal.TestInvoker.retryFailed(TestInvoker.java:214)
at org.testng.internal.MethodRunner.runInSequence(MethodRunner.java:58)
at org.testng.internal.TestInvoker$MethodInvocationAgent.invoke(TestInvoker.java:822)
at org.testng.internal.TestInvoker.invokeTestMethods(TestInvoker.java:147)
at org.testng.internal.TestMethodWorker.invokeTestMethods(TestMethodWorker.java:146)
at org.testng.internal.TestMethodWorker.run(TestMethodWorker.java:128)
at java.base/java.util.ArrayList.forEach(ArrayList.java:1511)
at org.testng.TestRunner.privateRun(TestRunner.java:764)
at org.testng.TestRunner.run(TestRunner.java:585)
at org.testng.SuiteRunner.runTest(SuiteRunner.java:384)
at org.testng.SuiteRunner.runSequentially(SuiteRunner.java:378)
at org.testng.SuiteRunner.privateRun(SuiteRunner.java:337)
at org.testng.SuiteRunner.run(SuiteRunner.java:286)
at org.testng.SuiteRunnerWorker.runSuite(SuiteRunnerWorker.java:53)
at org.testng.SuiteRunnerWorker.run(SuiteRunnerWorker.java:96)
at org.testng.TestNG.runSuitesSequentially(TestNG.java:1218)
at org.testng.TestNG.runSuitesLocally(TestNG.java:1140)
at org.testng.TestNG.runSuites(TestNG.java:1069)
at org.testng.TestNG.run(TestNG.java:1037)
at org.testng.remote.AbstractRemoteTestNG.run(AbstractRemoteTestNG.java:115)
at org.testng.remote.RemoteTestNG.initAndRun(RemoteTestNG.java:251)
at org.testng.remote.RemoteTestNG.main(RemoteTestNG.java:77)
]]>
            </full-stacktrace>
          </exception> <!-- java.lang.AssertionError -->
          <reporter-output>
          </reporter-output>
        </test-method> <!-- connectionSaveApi -->
        <test-method is-config="true" signature="driverClose(org.testng.ITestResult, org.testng.ITestContext)[pri:0, instance:testcases.ConnectorsTest@4a7f959b]" started-at="2023-01-10T13:01:55 IST" name="driverClose" finished-at="2023-01-10T13:01:55 IST" duration-ms="178" status="PASS">
          <params>
            <param index="0">
              <value>
                <![CDATA[[TestResult name=connectionSaveApi status=SKIP method=ConnectorsTest.connectionSaveApi(int, java.lang.String)[pri:0, instance:testcases.ConnectorsTest@4a7f959b] output={null}]]]>
              </value>
            </param>
            <param index="1">
              <value>
                <![CDATA[org.testng.TestRunner@171823b4]]>
              </value>
            </param>
          </params>
          <reporter-output>
          </reporter-output>
        </test-method> <!-- driverClose -->
        <test-method is-config="true" signature="setUp()[pri:0, instance:testcases.ConnectorsTest@4a7f959b]" started-at="2023-01-10T13:01:55 IST" name="setUp" finished-at="2023-01-10T13:02:09 IST" duration-ms="13994" status="PASS">
          <reporter-output>
          </reporter-output>
        </test-method> <!-- setUp -->
        <test-method signature="connectionSaveApi(int, java.lang.String)[pri:0, instance:testcases.ConnectorsTest@4a7f959b]" started-at="2023-01-10T13:02:09 IST" name="connectionSaveApi" finished-at="2023-01-10T13:02:32 IST" duration-ms="22798" status="FAIL">
          <params>
            <param index="0">
              <value>
                <![CDATA[5]]>
              </value>
            </param>
            <param index="1">
              <value>
                <![CDATA[graphql]]>
              </value>
            </param>
          </params>
          <exception class="java.lang.AssertionError">
            <message>
              <![CDATA[expected:<false> but was:<true>]]>
            </message>
            <full-stacktrace>
              <![CDATA[java.lang.AssertionError: expected:<false> but was:<true>
at org.testng.AssertJUnit.assertEquals(AssertJUnit.java:115)
at org.testng.AssertJUnit.assertEquals(AssertJUnit.java:125)
at testcases.ConnectorsTest.connectionSaveApi(ConnectorsTest.java:205)
at java.base/jdk.internal.reflect.NativeMethodAccessorImpl.invoke0(Native Method)
at java.base/jdk.internal.reflect.NativeMethodAccessorImpl.invoke(NativeMethodAccessorImpl.java:77)
at java.base/jdk.internal.reflect.DelegatingMethodAccessorImpl.invoke(DelegatingMethodAccessorImpl.java:43)
at java.base/java.lang.reflect.Method.invoke(Method.java:568)
at org.testng.internal.MethodInvocationHelper.invokeMethod(MethodInvocationHelper.java:132)
at org.testng.internal.TestInvoker.invokeMethod(TestInvoker.java:599)
at org.testng.internal.TestInvoker.retryFailed(TestInvoker.java:214)
at org.testng.internal.MethodRunner.runInSequence(MethodRunner.java:58)
at org.testng.internal.TestInvoker$MethodInvocationAgent.invoke(TestInvoker.java:822)
at org.testng.internal.TestInvoker.invokeTestMethods(TestInvoker.java:147)
at org.testng.internal.TestMethodWorker.invokeTestMethods(TestMethodWorker.java:146)
at org.testng.internal.TestMethodWorker.run(TestMethodWorker.java:128)
at java.base/java.util.ArrayList.forEach(ArrayList.java:1511)
at org.testng.TestRunner.privateRun(TestRunner.java:764)
at org.testng.TestRunner.run(TestRunner.java:585)
at org.testng.SuiteRunner.runTest(SuiteRunner.java:384)
at org.testng.SuiteRunner.runSequentially(SuiteRunner.java:378)
at org.testng.SuiteRunner.privateRun(SuiteRunner.java:337)
at org.testng.SuiteRunner.run(SuiteRunner.java:286)
at org.testng.SuiteRunnerWorker.runSuite(SuiteRunnerWorker.java:53)
at org.testng.SuiteRunnerWorker.run(SuiteRunnerWorker.java:96)
at org.testng.TestNG.runSuitesSequentially(TestNG.java:1218)
at org.testng.TestNG.runSuitesLocally(TestNG.java:1140)
at org.testng.TestNG.runSuites(TestNG.java:1069)
at org.testng.TestNG.run(TestNG.java:1037)
at org.testng.remote.AbstractRemoteTestNG.run(AbstractRemoteTestNG.java:115)
at org.testng.remote.RemoteTestNG.initAndRun(RemoteTestNG.java:251)
at org.testng.remote.RemoteTestNG.main(RemoteTestNG.java:77)
]]>
            </full-stacktrace>
          </exception> <!-- java.lang.AssertionError -->
          <reporter-output>
          </reporter-output>
        </test-method> <!-- connectionSaveApi -->
        <test-method is-config="true" signature="driverClose(org.testng.ITestResult, org.testng.ITestContext)[pri:0, instance:testcases.ConnectorsTest@4a7f959b]" started-at="2023-01-10T13:02:32 IST" name="driverClose" finished-at="2023-01-10T13:02:32 IST" duration-ms="504" status="PASS">
          <params>
            <param index="0">
              <value>
                <![CDATA[[TestResult name=connectionSaveApi status=FAILURE method=ConnectorsTest.connectionSaveApi(int, java.lang.String)[pri:0, instance:testcases.ConnectorsTest@4a7f959b] output={null}]]]>
              </value>
            </param>
            <param index="1">
              <value>
                <![CDATA[org.testng.TestRunner@171823b4]]>
              </value>
            </param>
          </params>
          <reporter-output>
          </reporter-output>
        </test-method> <!-- driverClose -->
        <test-method signature="connectionAddApi(int, java.lang.String)[pri:0, instance:testcases.ConnectorsTest@4a7f959b]" started-at="2023-01-10T13:02:32 IST" name="connectionAddApi" finished-at="2023-01-10T13:02:32 IST" depends-on-methods="testcases.ConnectorsTest.connectionSaveApi" duration-ms="0" status="SKIP">
          <exception class="java.lang.Throwable">
            <message>
              <![CDATA[Method ConnectorsTest.connectionAddApi(int, java.lang.String)[pri:0, instance:testcases.ConnectorsTest@4a7f959b] depends on not successfully finished methods]]>
            </message>
            <full-stacktrace>
              <![CDATA[java.lang.Throwable: Method ConnectorsTest.connectionAddApi(int, java.lang.String)[pri:0, instance:testcases.ConnectorsTest@4a7f959b] depends on not successfully finished methods
at org.testng.internal.TestInvoker.invokeTestMethods(TestInvoker.java:102)
at org.testng.internal.TestMethodWorker.invokeTestMethods(TestMethodWorker.java:146)
at org.testng.internal.TestMethodWorker.run(TestMethodWorker.java:128)
at java.base/java.util.ArrayList.forEach(ArrayList.java:1511)
at org.testng.TestRunner.privateRun(TestRunner.java:764)
at org.testng.TestRunner.run(TestRunner.java:585)
at org.testng.SuiteRunner.runTest(SuiteRunner.java:384)
at org.testng.SuiteRunner.runSequentially(SuiteRunner.java:378)
at org.testng.SuiteRunner.privateRun(SuiteRunner.java:337)
at org.testng.SuiteRunner.run(SuiteRunner.java:286)
at org.testng.SuiteRunnerWorker.runSuite(SuiteRunnerWorker.java:53)
at org.testng.SuiteRunnerWorker.run(SuiteRunnerWorker.java:96)
at org.testng.TestNG.runSuitesSequentially(TestNG.java:1218)
at org.testng.TestNG.runSuitesLocally(TestNG.java:1140)
at org.testng.TestNG.runSuites(TestNG.java:1069)
at org.testng.TestNG.run(TestNG.java:1037)
at org.testng.remote.AbstractRemoteTestNG.run(AbstractRemoteTestNG.java:115)
at org.testng.remote.RemoteTestNG.initAndRun(RemoteTestNG.java:251)
at org.testng.remote.RemoteTestNG.main(RemoteTestNG.java:77)
]]>
            </full-stacktrace>
          </exception> <!-- java.lang.Throwable -->
          <reporter-output>
          </reporter-output>
        </test-method> <!-- connectionAddApi -->
      </class> <!-- testcases.ConnectorsTest -->
    </test> <!-- GraphQL -->
    <test started-at="2023-01-10T13:02:32 IST" name="RestApi" finished-at="2023-01-10T13:12:41 IST" duration-ms="608404">
      <class name="testcases.ConnectorsTest">
        <test-method is-config="true" signature="startTest(org.testng.ITestContext)[pri:0, instance:testcases.ConnectorsTest@3f6b0be5]" started-at="2023-01-10T13:02:32 IST" name="startTest" finished-at="2023-01-10T13:02:32 IST" duration-ms="1" status="PASS">
          <params>
            <param index="0">
              <value>
                <![CDATA[org.testng.TestRunner@103109d3]]>
              </value>
            </param>
          </params>
          <reporter-output>
          </reporter-output>
        </test-method> <!-- startTest -->
        <test-method is-config="true" signature="setUp()[pri:0, instance:testcases.ConnectorsTest@3f6b0be5]" started-at="2023-01-10T13:02:32 IST" name="setUp" finished-at="2023-01-10T13:02:46 IST" duration-ms="14027" status="PASS">
          <reporter-output>
          </reporter-output>
        </test-method> <!-- setUp -->
        <test-method signature="connectionTestApi(int, java.lang.String)[pri:0, instance:testcases.ConnectorsTest@3f6b0be5]" started-at="2023-01-10T13:02:46 IST" name="connectionTestApi" finished-at="2023-01-10T13:02:50 IST" duration-ms="3685" status="PASS">
          <params>
            <param index="0">
              <value>
                <![CDATA[4]]>
              </value>
            </param>
            <param index="1">
              <value>
                <![CDATA[restapi]]>
              </value>
            </param>
          </params>
          <reporter-output>
          </reporter-output>
        </test-method> <!-- connectionTestApi -->
        <test-method is-config="true" signature="driverClose(org.testng.ITestResult, org.testng.ITestContext)[pri:0, instance:testcases.ConnectorsTest@3f6b0be5]" started-at="2023-01-10T13:02:50 IST" name="driverClose" finished-at="2023-01-10T13:02:50 IST" duration-ms="206" status="PASS">
          <params>
            <param index="0">
              <value>
                <![CDATA[[TestResult name=connectionTestApi status=SUCCESS method=ConnectorsTest.connectionTestApi(int, java.lang.String)[pri:0, instance:testcases.ConnectorsTest@3f6b0be5] output={null}]]]>
              </value>
            </param>
            <param index="1">
              <value>
                <![CDATA[org.testng.TestRunner@103109d3]]>
              </value>
            </param>
          </params>
          <reporter-output>
          </reporter-output>
        </test-method> <!-- driverClose -->
        <test-method is-config="true" signature="setUp()[pri:0, instance:testcases.ConnectorsTest@3f6b0be5]" started-at="2023-01-10T13:02:50 IST" name="setUp" finished-at="2023-01-10T13:03:05 IST" duration-ms="14445" status="PASS">
          <reporter-output>
          </reporter-output>
        </test-method> <!-- setUp -->
        <test-method retried="true" signature="connectionSaveApi(int, java.lang.String)[pri:0, instance:testcases.ConnectorsTest@3f6b0be5]" started-at="2023-01-10T13:03:05 IST" name="connectionSaveApi" finished-at="2023-01-10T13:03:28 IST" duration-ms="23756" status="SKIP">
          <params>
            <param index="0">
              <value>
                <![CDATA[4]]>
              </value>
            </param>
            <param index="1">
              <value>
                <![CDATA[restapi]]>
              </value>
            </param>
          </params>
          <exception class="java.lang.AssertionError">
            <message>
              <![CDATA[expected:<false> but was:<true>]]>
            </message>
            <full-stacktrace>
              <![CDATA[java.lang.AssertionError: expected:<false> but was:<true>
at org.testng.AssertJUnit.assertEquals(AssertJUnit.java:115)
at org.testng.AssertJUnit.assertEquals(AssertJUnit.java:125)
at testcases.ConnectorsTest.connectionSaveApi(ConnectorsTest.java:205)
at java.base/jdk.internal.reflect.NativeMethodAccessorImpl.invoke0(Native Method)
at java.base/jdk.internal.reflect.NativeMethodAccessorImpl.invoke(NativeMethodAccessorImpl.java:77)
at java.base/jdk.internal.reflect.DelegatingMethodAccessorImpl.invoke(DelegatingMethodAccessorImpl.java:43)
at java.base/java.lang.reflect.Method.invoke(Method.java:568)
at org.testng.internal.MethodInvocationHelper.invokeMethod(MethodInvocationHelper.java:132)
at org.testng.internal.TestInvoker.invokeMethod(TestInvoker.java:599)
at org.testng.internal.TestInvoker.invokeTestMethod(TestInvoker.java:174)
at org.testng.internal.MethodRunner.runInSequence(MethodRunner.java:46)
at org.testng.internal.TestInvoker$MethodInvocationAgent.invoke(TestInvoker.java:822)
at org.testng.internal.TestInvoker.invokeTestMethods(TestInvoker.java:147)
at org.testng.internal.TestMethodWorker.invokeTestMethods(TestMethodWorker.java:146)
at org.testng.internal.TestMethodWorker.run(TestMethodWorker.java:128)
at java.base/java.util.ArrayList.forEach(ArrayList.java:1511)
at org.testng.TestRunner.privateRun(TestRunner.java:764)
at org.testng.TestRunner.run(TestRunner.java:585)
at org.testng.SuiteRunner.runTest(SuiteRunner.java:384)
at org.testng.SuiteRunner.runSequentially(SuiteRunner.java:378)
at org.testng.SuiteRunner.privateRun(SuiteRunner.java:337)
at org.testng.SuiteRunner.run(SuiteRunner.java:286)
at org.testng.SuiteRunnerWorker.runSuite(SuiteRunnerWorker.java:53)
at org.testng.SuiteRunnerWorker.run(SuiteRunnerWorker.java:96)
at org.testng.TestNG.runSuitesSequentially(TestNG.java:1218)
at org.testng.TestNG.runSuitesLocally(TestNG.java:1140)
at org.testng.TestNG.runSuites(TestNG.java:1069)
at org.testng.TestNG.run(TestNG.java:1037)
at org.testng.remote.AbstractRemoteTestNG.run(AbstractRemoteTestNG.java:115)
at org.testng.remote.RemoteTestNG.initAndRun(RemoteTestNG.java:251)
at org.testng.remote.RemoteTestNG.main(RemoteTestNG.java:77)
]]>
            </full-stacktrace>
          </exception> <!-- java.lang.AssertionError -->
          <reporter-output>
          </reporter-output>
        </test-method> <!-- connectionSaveApi -->
        <test-method is-config="true" signature="driverClose(org.testng.ITestResult, org.testng.ITestContext)[pri:0, instance:testcases.ConnectorsTest@3f6b0be5]" started-at="2023-01-10T13:03:28 IST" name="driverClose" finished-at="2023-01-10T13:03:29 IST" duration-ms="185" status="PASS">
          <params>
            <param index="0">
              <value>
                <![CDATA[[TestResult name=connectionSaveApi status=SKIP method=ConnectorsTest.connectionSaveApi(int, java.lang.String)[pri:0, instance:testcases.ConnectorsTest@3f6b0be5] output={null}]]]>
              </value>
            </param>
            <param index="1">
              <value>
                <![CDATA[org.testng.TestRunner@103109d3]]>
              </value>
            </param>
          </params>
          <reporter-output>
          </reporter-output>
        </test-method> <!-- driverClose -->
        <test-method is-config="true" signature="setUp()[pri:0, instance:testcases.ConnectorsTest@3f6b0be5]" started-at="2023-01-10T13:03:29 IST" name="setUp" finished-at="2023-01-10T13:03:43 IST" duration-ms="14030" status="PASS">
          <reporter-output>
          </reporter-output>
        </test-method> <!-- setUp -->
        <test-method retried="true" signature="connectionSaveApi(int, java.lang.String)[pri:0, instance:testcases.ConnectorsTest@3f6b0be5]" started-at="2023-01-10T13:03:43 IST" name="connectionSaveApi" finished-at="2023-01-10T13:04:07 IST" duration-ms="23814" status="SKIP">
          <params>
            <param index="0">
              <value>
                <![CDATA[4]]>
              </value>
            </param>
            <param index="1">
              <value>
                <![CDATA[restapi]]>
              </value>
            </param>
          </params>
          <exception class="java.lang.AssertionError">
            <message>
              <![CDATA[expected:<false> but was:<true>]]>
            </message>
            <full-stacktrace>
              <![CDATA[java.lang.AssertionError: expected:<false> but was:<true>
at org.testng.AssertJUnit.assertEquals(AssertJUnit.java:115)
at org.testng.AssertJUnit.assertEquals(AssertJUnit.java:125)
at testcases.ConnectorsTest.connectionSaveApi(ConnectorsTest.java:205)
at java.base/jdk.internal.reflect.NativeMethodAccessorImpl.invoke0(Native Method)
at java.base/jdk.internal.reflect.NativeMethodAccessorImpl.invoke(NativeMethodAccessorImpl.java:77)
at java.base/jdk.internal.reflect.DelegatingMethodAccessorImpl.invoke(DelegatingMethodAccessorImpl.java:43)
at java.base/java.lang.reflect.Method.invoke(Method.java:568)
at org.testng.internal.MethodInvocationHelper.invokeMethod(MethodInvocationHelper.java:132)
at org.testng.internal.TestInvoker.invokeMethod(TestInvoker.java:599)
at org.testng.internal.TestInvoker.retryFailed(TestInvoker.java:214)
at org.testng.internal.MethodRunner.runInSequence(MethodRunner.java:58)
at org.testng.internal.TestInvoker$MethodInvocationAgent.invoke(TestInvoker.java:822)
at org.testng.internal.TestInvoker.invokeTestMethods(TestInvoker.java:147)
at org.testng.internal.TestMethodWorker.invokeTestMethods(TestMethodWorker.java:146)
at org.testng.internal.TestMethodWorker.run(TestMethodWorker.java:128)
at java.base/java.util.ArrayList.forEach(ArrayList.java:1511)
at org.testng.TestRunner.privateRun(TestRunner.java:764)
at org.testng.TestRunner.run(TestRunner.java:585)
at org.testng.SuiteRunner.runTest(SuiteRunner.java:384)
at org.testng.SuiteRunner.runSequentially(SuiteRunner.java:378)
at org.testng.SuiteRunner.privateRun(SuiteRunner.java:337)
at org.testng.SuiteRunner.run(SuiteRunner.java:286)
at org.testng.SuiteRunnerWorker.runSuite(SuiteRunnerWorker.java:53)
at org.testng.SuiteRunnerWorker.run(SuiteRunnerWorker.java:96)
at org.testng.TestNG.runSuitesSequentially(TestNG.java:1218)
at org.testng.TestNG.runSuitesLocally(TestNG.java:1140)
at org.testng.TestNG.runSuites(TestNG.java:1069)
at org.testng.TestNG.run(TestNG.java:1037)
at org.testng.remote.AbstractRemoteTestNG.run(AbstractRemoteTestNG.java:115)
at org.testng.remote.RemoteTestNG.initAndRun(RemoteTestNG.java:251)
at org.testng.remote.RemoteTestNG.main(RemoteTestNG.java:77)
]]>
            </full-stacktrace>
          </exception> <!-- java.lang.AssertionError -->
          <reporter-output>
          </reporter-output>
        </test-method> <!-- connectionSaveApi -->
        <test-method is-config="true" signature="driverClose(org.testng.ITestResult, org.testng.ITestContext)[pri:0, instance:testcases.ConnectorsTest@3f6b0be5]" started-at="2023-01-10T13:04:07 IST" name="driverClose" finished-at="2023-01-10T13:04:07 IST" duration-ms="203" status="PASS">
          <params>
            <param index="0">
              <value>
                <![CDATA[[TestResult name=connectionSaveApi status=SKIP method=ConnectorsTest.connectionSaveApi(int, java.lang.String)[pri:0, instance:testcases.ConnectorsTest@3f6b0be5] output={null}]]]>
              </value>
            </param>
            <param index="1">
              <value>
                <![CDATA[org.testng.TestRunner@103109d3]]>
              </value>
            </param>
          </params>
          <reporter-output>
          </reporter-output>
        </test-method> <!-- driverClose -->
        <test-method is-config="true" signature="setUp()[pri:0, instance:testcases.ConnectorsTest@3f6b0be5]" started-at="2023-01-10T13:04:07 IST" name="setUp" finished-at="2023-01-10T13:09:40 IST" duration-ms="333763" status="FAIL">
          <exception class="org.openqa.selenium.TimeoutException">
            <message>
              <![CDATA[Expected condition failed: waiting for element to be clickable: By.xpath: //*[@data-header='Connectors']/div/div/div[2] (tried for 300 second(s) with 500 milliseconds interval)
Build info: version: '4.1.2', revision: '9a5a329c5a'
System info: host: 'DESKTOP-2SJV0LG', ip: '192.168.1.10', os.name: 'Windows 10', os.arch: 'amd64', os.version: '10.0', java.version: '17.0.4.1'
Driver info: org.openqa.selenium.chrome.ChromeDriver
Capabilities {acceptInsecureCerts: true, browserName: chrome, browserVersion: 108.0.5359.125, chrome: {chromedriverVersion: 108.0.5359.22 (ec46c90f5938..., userDataDir: C:\Users\popst\AppData\Loca...}, goog:chromeOptions: {debuggerAddress: localhost:61335}, javascriptEnabled: true, networkConnectionEnabled: false, pageLoadStrategy: normal, platform: WINDOWS, platformName: WINDOWS, proxy: Proxy(), se:cdp: ws://localhost:61335/devtoo..., se:cdpVersion: 108.0.5359.125, setWindowRect: true, strictFileInteractability: false, timeouts: {implicit: 0, pageLoad: 300000, script: 30000}, unhandledPromptBehavior: dismiss and notify, webauthn:extension:credBlob: true, webauthn:extension:largeBlob: true, webauthn:virtualAuthenticators: true}
Session ID: ac0634fc6aab68c839808160791d7373]]>
            </message>
            <full-stacktrace>
              <![CDATA[org.openqa.selenium.TimeoutException: Expected condition failed: waiting for element to be clickable: By.xpath: //*[@data-header='Connectors']/div/div/div[2] (tried for 300 second(s) with 500 milliseconds interval)
Build info: version: '4.1.2', revision: '9a5a329c5a'
System info: host: 'DESKTOP-2SJV0LG', ip: '192.168.1.10', os.name: 'Windows 10', os.arch: 'amd64', os.version: '10.0', java.version: '17.0.4.1'
Driver info: org.openqa.selenium.chrome.ChromeDriver
Capabilities {acceptInsecureCerts: true, browserName: chrome, browserVersion: 108.0.5359.125, chrome: {chromedriverVersion: 108.0.5359.22 (ec46c90f5938..., userDataDir: C:\Users\popst\AppData\Loca...}, goog:chromeOptions: {debuggerAddress: localhost:61335}, javascriptEnabled: true, networkConnectionEnabled: false, pageLoadStrategy: normal, platform: WINDOWS, platformName: WINDOWS, proxy: Proxy(), se:cdp: ws://localhost:61335/devtoo..., se:cdpVersion: 108.0.5359.125, setWindowRect: true, strictFileInteractability: false, timeouts: {implicit: 0, pageLoad: 300000, script: 30000}, unhandledPromptBehavior: dismiss and notify, webauthn:extension:credBlob: true, webauthn:extension:largeBlob: true, webauthn:virtualAuthenticators: true}
Session ID: ac0634fc6aab68c839808160791d7373
at org.openqa.selenium.support.ui.WebDriverWait.timeoutException(WebDriverWait.java:138)
at org.openqa.selenium.support.ui.FluentWait.until(FluentWait.java:231)
at com.connectors.AddingConnector.navigatetoConnector(AddingConnector.java:53)
at testcases.ConnectorsTest.setUp(ConnectorsTest.java:105)
at java.base/jdk.internal.reflect.NativeMethodAccessorImpl.invoke0(Native Method)
at java.base/jdk.internal.reflect.NativeMethodAccessorImpl.invoke(NativeMethodAccessorImpl.java:77)
at java.base/jdk.internal.reflect.DelegatingMethodAccessorImpl.invoke(DelegatingMethodAccessorImpl.java:43)
at java.base/java.lang.reflect.Method.invoke(Method.java:568)
at org.testng.internal.MethodInvocationHelper.invokeMethod(MethodInvocationHelper.java:132)
at org.testng.internal.MethodInvocationHelper.invokeMethodConsideringTimeout(MethodInvocationHelper.java:61)
at org.testng.internal.ConfigInvoker.invokeConfigurationMethod(ConfigInvoker.java:366)
at org.testng.internal.ConfigInvoker.invokeConfigurations(ConfigInvoker.java:320)
at org.testng.internal.TestInvoker.runConfigMethods(TestInvoker.java:701)
at org.testng.internal.TestInvoker.invokeMethod(TestInvoker.java:527)
at org.testng.internal.TestInvoker.retryFailed(TestInvoker.java:214)
at org.testng.internal.MethodRunner.runInSequence(MethodRunner.java:58)
at org.testng.internal.TestInvoker$MethodInvocationAgent.invoke(TestInvoker.java:822)
at org.testng.internal.TestInvoker.invokeTestMethods(TestInvoker.java:147)
at org.testng.internal.TestMethodWorker.invokeTestMethods(TestMethodWorker.java:146)
at org.testng.internal.TestMethodWorker.run(TestMethodWorker.java:128)
at java.base/java.util.ArrayList.forEach(ArrayList.java:1511)
at org.testng.TestRunner.privateRun(TestRunner.java:764)
at org.testng.TestRunner.run(TestRunner.java:585)
at org.testng.SuiteRunner.runTest(SuiteRunner.java:384)
at org.testng.SuiteRunner.runSequentially(SuiteRunner.java:378)
at org.testng.SuiteRunner.privateRun(SuiteRunner.java:337)
at org.testng.SuiteRunner.run(SuiteRunner.java:286)
at org.testng.SuiteRunnerWorker.runSuite(SuiteRunnerWorker.java:53)
at org.testng.SuiteRunnerWorker.run(SuiteRunnerWorker.java:96)
at org.testng.TestNG.runSuitesSequentially(TestNG.java:1218)
at org.testng.TestNG.runSuitesLocally(TestNG.java:1140)
at org.testng.TestNG.runSuites(TestNG.java:1069)
at org.testng.TestNG.run(TestNG.java:1037)
at org.testng.remote.AbstractRemoteTestNG.run(AbstractRemoteTestNG.java:115)
at org.testng.remote.RemoteTestNG.initAndRun(RemoteTestNG.java:251)
at org.testng.remote.RemoteTestNG.main(RemoteTestNG.java:77)
]]>
            </full-stacktrace>
          </exception> <!-- org.openqa.selenium.TimeoutException -->
          <reporter-output>
          </reporter-output>
        </test-method> <!-- setUp -->
        <test-method signature="connectionSaveApi(int, java.lang.String)[pri:0, instance:testcases.ConnectorsTest@3f6b0be5]" started-at="2023-01-10T13:09:41 IST" name="connectionSaveApi" finished-at="2023-01-10T13:12:41 IST" duration-ms="180228" status="FAIL">
          <params>
            <param index="0">
              <value>
                <![CDATA[4]]>
              </value>
            </param>
            <param index="1">
              <value>
                <![CDATA[restapi]]>
              </value>
            </param>
          </params>
          <exception class="org.openqa.selenium.TimeoutException">
            <message>
              <![CDATA[Expected condition failed: waiting for visibility of [[ChromeDriver: chrome on WINDOWS (ac0634fc6aab68c839808160791d7373)] -> css selector: body > div.console-body.pusher > div.header.main > div.header-region > div.header-functions.smaller-font-size > div.add-new-btn.add-category-button] (tried for 180 second(s) with 500 milliseconds interval)
Build info: version: '4.1.2', revision: '9a5a329c5a'
System info: host: 'DESKTOP-2SJV0LG', ip: '192.168.1.10', os.name: 'Windows 10', os.arch: 'amd64', os.version: '10.0', java.version: '17.0.4.1'
Driver info: org.openqa.selenium.chrome.ChromeDriver
Capabilities {acceptInsecureCerts: true, browserName: chrome, browserVersion: 108.0.5359.125, chrome: {chromedriverVersion: 108.0.5359.22 (ec46c90f5938..., userDataDir: C:\Users\popst\AppData\Loca...}, goog:chromeOptions: {debuggerAddress: localhost:61335}, javascriptEnabled: true, networkConnectionEnabled: false, pageLoadStrategy: normal, platform: WINDOWS, platformName: WINDOWS, proxy: Proxy(), se:cdp: ws://localhost:61335/devtoo..., se:cdpVersion: 108.0.5359.125, setWindowRect: true, strictFileInteractability: false, timeouts: {implicit: 0, pageLoad: 300000, script: 30000}, unhandledPromptBehavior: dismiss and notify, webauthn:extension:credBlob: true, webauthn:extension:largeBlob: true, webauthn:virtualAuthenticators: true}
Session ID: ac0634fc6aab68c839808160791d7373]]>
            </message>
            <full-stacktrace>
              <![CDATA[org.openqa.selenium.TimeoutException: Expected condition failed: waiting for visibility of [[ChromeDriver: chrome on WINDOWS (ac0634fc6aab68c839808160791d7373)] -> css selector: body > div.console-body.pusher > div.header.main > div.header-region > div.header-functions.smaller-font-size > div.add-new-btn.add-category-button] (tried for 180 second(s) with 500 milliseconds interval)
Build info: version: '4.1.2', revision: '9a5a329c5a'
System info: host: 'DESKTOP-2SJV0LG', ip: '192.168.1.10', os.name: 'Windows 10', os.arch: 'amd64', os.version: '10.0', java.version: '17.0.4.1'
Driver info: org.openqa.selenium.chrome.ChromeDriver
Capabilities {acceptInsecureCerts: true, browserName: chrome, browserVersion: 108.0.5359.125, chrome: {chromedriverVersion: 108.0.5359.22 (ec46c90f5938..., userDataDir: C:\Users\popst\AppData\Loca...}, goog:chromeOptions: {debuggerAddress: localhost:61335}, javascriptEnabled: true, networkConnectionEnabled: false, pageLoadStrategy: normal, platform: WINDOWS, platformName: WINDOWS, proxy: Proxy(), se:cdp: ws://localhost:61335/devtoo..., se:cdpVersion: 108.0.5359.125, setWindowRect: true, strictFileInteractability: false, timeouts: {implicit: 0, pageLoad: 300000, script: 30000}, unhandledPromptBehavior: dismiss and notify, webauthn:extension:credBlob: true, webauthn:extension:largeBlob: true, webauthn:virtualAuthenticators: true}
Session ID: ac0634fc6aab68c839808160791d7373
at org.openqa.selenium.support.ui.WebDriverWait.timeoutException(WebDriverWait.java:138)
at org.openqa.selenium.support.ui.FluentWait.until(FluentWait.java:231)
at com.connectors.AddingConnector.connectorDetails_api(AddingConnector.java:264)
at testcases.ConnectorsTest.connectionSaveApi(ConnectorsTest.java:204)
at java.base/jdk.internal.reflect.NativeMethodAccessorImpl.invoke0(Native Method)
at java.base/jdk.internal.reflect.NativeMethodAccessorImpl.invoke(NativeMethodAccessorImpl.java:77)
at java.base/jdk.internal.reflect.DelegatingMethodAccessorImpl.invoke(DelegatingMethodAccessorImpl.java:43)
at java.base/java.lang.reflect.Method.invoke(Method.java:568)
at org.testng.internal.MethodInvocationHelper.invokeMethod(MethodInvocationHelper.java:132)
at org.testng.internal.TestInvoker.invokeMethod(TestInvoker.java:599)
at org.testng.internal.TestInvoker.retryFailed(TestInvoker.java:214)
at org.testng.internal.MethodRunner.runInSequence(MethodRunner.java:58)
at org.testng.internal.TestInvoker$MethodInvocationAgent.invoke(TestInvoker.java:822)
at org.testng.internal.TestInvoker.invokeTestMethods(TestInvoker.java:147)
at org.testng.internal.TestMethodWorker.invokeTestMethods(TestMethodWorker.java:146)
at org.testng.internal.TestMethodWorker.run(TestMethodWorker.java:128)
at java.base/java.util.ArrayList.forEach(ArrayList.java:1511)
at org.testng.TestRunner.privateRun(TestRunner.java:764)
at org.testng.TestRunner.run(TestRunner.java:585)
at org.testng.SuiteRunner.runTest(SuiteRunner.java:384)
at org.testng.SuiteRunner.runSequentially(SuiteRunner.java:378)
at org.testng.SuiteRunner.privateRun(SuiteRunner.java:337)
at org.testng.SuiteRunner.run(SuiteRunner.java:286)
at org.testng.SuiteRunnerWorker.runSuite(SuiteRunnerWorker.java:53)
at org.testng.SuiteRunnerWorker.run(SuiteRunnerWorker.java:96)
at org.testng.TestNG.runSuitesSequentially(TestNG.java:1218)
at org.testng.TestNG.runSuitesLocally(TestNG.java:1140)
at org.testng.TestNG.runSuites(TestNG.java:1069)
at org.testng.TestNG.run(TestNG.java:1037)
at org.testng.remote.AbstractRemoteTestNG.run(AbstractRemoteTestNG.java:115)
at org.testng.remote.RemoteTestNG.initAndRun(RemoteTestNG.java:251)
at org.testng.remote.RemoteTestNG.main(RemoteTestNG.java:77)
]]>
            </full-stacktrace>
          </exception> <!-- org.openqa.selenium.TimeoutException -->
          <reporter-output>
          </reporter-output>
        </test-method> <!-- connectionSaveApi -->
        <test-method is-config="true" signature="driverClose(org.testng.ITestResult, org.testng.ITestContext)[pri:0, instance:testcases.ConnectorsTest@3f6b0be5]" started-at="2023-01-10T13:12:41 IST" name="driverClose" finished-at="1970-01-01T05:30:00 IST" duration-ms="-1673336561239" status="SKIP">
          <reporter-output>
          </reporter-output>
        </test-method> <!-- driverClose -->
        <test-method signature="connectionAddApi(int, java.lang.String)[pri:0, instance:testcases.ConnectorsTest@3f6b0be5]" started-at="2023-01-10T13:12:41 IST" name="connectionAddApi" finished-at="2023-01-10T13:12:41 IST" depends-on-methods="testcases.ConnectorsTest.connectionSaveApi" duration-ms="0" status="SKIP">
          <exception class="java.lang.Throwable">
            <message>
              <![CDATA[Method ConnectorsTest.connectionAddApi(int, java.lang.String)[pri:0, instance:testcases.ConnectorsTest@3f6b0be5] depends on not successfully finished methods]]>
            </message>
            <full-stacktrace>
              <![CDATA[java.lang.Throwable: Method ConnectorsTest.connectionAddApi(int, java.lang.String)[pri:0, instance:testcases.ConnectorsTest@3f6b0be5] depends on not successfully finished methods
at org.testng.internal.TestInvoker.invokeTestMethods(TestInvoker.java:102)
at org.testng.internal.TestMethodWorker.invokeTestMethods(TestMethodWorker.java:146)
at org.testng.internal.TestMethodWorker.run(TestMethodWorker.java:128)
at java.base/java.util.ArrayList.forEach(ArrayList.java:1511)
at org.testng.TestRunner.privateRun(TestRunner.java:764)
at org.testng.TestRunner.run(TestRunner.java:585)
at org.testng.SuiteRunner.runTest(SuiteRunner.java:384)
at org.testng.SuiteRunner.runSequentially(SuiteRunner.java:378)
at org.testng.SuiteRunner.privateRun(SuiteRunner.java:337)
at org.testng.SuiteRunner.run(SuiteRunner.java:286)
at org.testng.SuiteRunnerWorker.runSuite(SuiteRunnerWorker.java:53)
at org.testng.SuiteRunnerWorker.run(SuiteRunnerWorker.java:96)
at org.testng.TestNG.runSuitesSequentially(TestNG.java:1218)
at org.testng.TestNG.runSuitesLocally(TestNG.java:1140)
at org.testng.TestNG.runSuites(TestNG.java:1069)
at org.testng.TestNG.run(TestNG.java:1037)
at org.testng.remote.AbstractRemoteTestNG.run(AbstractRemoteTestNG.java:115)
at org.testng.remote.RemoteTestNG.initAndRun(RemoteTestNG.java:251)
at org.testng.remote.RemoteTestNG.main(RemoteTestNG.java:77)
]]>
            </full-stacktrace>
          </exception> <!-- java.lang.Throwable -->
          <reporter-output>
          </reporter-output>
        </test-method> <!-- connectionAddApi -->
      </class> <!-- testcases.ConnectorsTest -->
    </test> <!-- RestApi -->
    <test started-at="2023-01-10T13:12:41 IST" name="mongoDB" finished-at="2023-01-10T13:17:29 IST" duration-ms="288626">
      <class name="testcases.ConnectorsTest">
        <test-method is-config="true" signature="startTest(org.testng.ITestContext)[pri:0, instance:testcases.ConnectorsTest@7e7be63f]" started-at="2023-01-10T13:12:41 IST" name="startTest" finished-at="2023-01-10T13:12:41 IST" duration-ms="1" status="PASS">
          <params>
            <param index="0">
              <value>
                <![CDATA[org.testng.TestRunner@399b0d80]]>
              </value>
            </param>
          </params>
          <reporter-output>
          </reporter-output>
        </test-method> <!-- startTest -->
        <test-method is-config="true" signature="setUp()[pri:0, instance:testcases.ConnectorsTest@7e7be63f]" started-at="2023-01-10T13:12:41 IST" name="setUp" finished-at="2023-01-10T13:12:55 IST" duration-ms="13873" status="PASS">
          <reporter-output>
          </reporter-output>
        </test-method> <!-- setUp -->
        <test-method signature="connectionTest(java.lang.String, java.lang.String)[pri:1, instance:testcases.ConnectorsTest@7e7be63f]" started-at="2023-01-10T13:12:55 IST" name="connectionTest" finished-at="2023-01-10T13:12:59 IST" duration-ms="4014" status="PASS">
          <params>
            <param index="0">
              <value>
                <![CDATA[1]]>
              </value>
            </param>
            <param index="1">
              <value>
                <![CDATA[mongo]]>
              </value>
            </param>
          </params>
          <reporter-output>
          </reporter-output>
        </test-method> <!-- connectionTest -->
        <test-method is-config="true" signature="driverClose(org.testng.ITestResult, org.testng.ITestContext)[pri:0, instance:testcases.ConnectorsTest@7e7be63f]" started-at="2023-01-10T13:12:59 IST" name="driverClose" finished-at="2023-01-10T13:12:59 IST" duration-ms="190" status="PASS">
          <params>
            <param index="0">
              <value>
                <![CDATA[[TestResult name=connectionTest status=SUCCESS method=ConnectorsTest.connectionTest(java.lang.String, java.lang.String)[pri:1, instance:testcases.ConnectorsTest@7e7be63f] output={null}]]]>
              </value>
            </param>
            <param index="1">
              <value>
                <![CDATA[org.testng.TestRunner@399b0d80]]>
              </value>
            </param>
          </params>
          <reporter-output>
          </reporter-output>
        </test-method> <!-- driverClose -->
        <test-method is-config="true" signature="setUp()[pri:0, instance:testcases.ConnectorsTest@7e7be63f]" started-at="2023-01-10T13:12:59 IST" name="setUp" finished-at="2023-01-10T13:13:13 IST" duration-ms="14114" status="PASS">
          <reporter-output>
          </reporter-output>
        </test-method> <!-- setUp -->
        <test-method retried="true" signature="saveConnection(java.lang.String, java.lang.String)[pri:2, instance:testcases.ConnectorsTest@7e7be63f]" started-at="2023-01-10T13:13:13 IST" name="saveConnection" finished-at="2023-01-10T13:14:17 IST" duration-ms="64170" status="SKIP">
          <params>
            <param index="0">
              <value>
                <![CDATA[mongo]]>
              </value>
            </param>
            <param index="1">
              <value>
                <![CDATA[1]]>
              </value>
            </param>
          </params>
          <exception class="org.openqa.selenium.TimeoutException">
            <message>
              <![CDATA[Expected condition failed: waiting for visibility of element located by By.xpath: //*[@class='connected-block']/div/div (tried for 60 second(s) with 500 milliseconds interval)
Build info: version: '4.1.2', revision: '9a5a329c5a'
System info: host: 'DESKTOP-2SJV0LG', ip: '192.168.1.10', os.name: 'Windows 10', os.arch: 'amd64', os.version: '10.0', java.version: '17.0.4.1'
Driver info: org.openqa.selenium.chrome.ChromeDriver
Capabilities {acceptInsecureCerts: true, browserName: chrome, browserVersion: 108.0.5359.125, chrome: {chromedriverVersion: 108.0.5359.22 (ec46c90f5938..., userDataDir: C:\Users\popst\AppData\Loca...}, goog:chromeOptions: {debuggerAddress: localhost:61415}, javascriptEnabled: true, networkConnectionEnabled: false, pageLoadStrategy: normal, platform: WINDOWS, platformName: WINDOWS, proxy: Proxy(), se:cdp: ws://localhost:61415/devtoo..., se:cdpVersion: 108.0.5359.125, setWindowRect: true, strictFileInteractability: false, timeouts: {implicit: 0, pageLoad: 300000, script: 30000}, unhandledPromptBehavior: dismiss and notify, webauthn:extension:credBlob: true, webauthn:extension:largeBlob: true, webauthn:virtualAuthenticators: true}
Session ID: de78f32d9d68fe5c48e748006a64753a]]>
            </message>
            <full-stacktrace>
              <![CDATA[org.openqa.selenium.TimeoutException: Expected condition failed: waiting for visibility of element located by By.xpath: //*[@class='connected-block']/div/div (tried for 60 second(s) with 500 milliseconds interval)
Build info: version: '4.1.2', revision: '9a5a329c5a'
System info: host: 'DESKTOP-2SJV0LG', ip: '192.168.1.10', os.name: 'Windows 10', os.arch: 'amd64', os.version: '10.0', java.version: '17.0.4.1'
Driver info: org.openqa.selenium.chrome.ChromeDriver
Capabilities {acceptInsecureCerts: true, browserName: chrome, browserVersion: 108.0.5359.125, chrome: {chromedriverVersion: 108.0.5359.22 (ec46c90f5938..., userDataDir: C:\Users\popst\AppData\Loca...}, goog:chromeOptions: {debuggerAddress: localhost:61415}, javascriptEnabled: true, networkConnectionEnabled: false, pageLoadStrategy: normal, platform: WINDOWS, platformName: WINDOWS, proxy: Proxy(), se:cdp: ws://localhost:61415/devtoo..., se:cdpVersion: 108.0.5359.125, setWindowRect: true, strictFileInteractability: false, timeouts: {implicit: 0, pageLoad: 300000, script: 30000}, unhandledPromptBehavior: dismiss and notify, webauthn:extension:credBlob: true, webauthn:extension:largeBlob: true, webauthn:virtualAuthenticators: true}
Session ID: de78f32d9d68fe5c48e748006a64753a
at org.openqa.selenium.support.ui.WebDriverWait.timeoutException(WebDriverWait.java:138)
at org.openqa.selenium.support.ui.FluentWait.until(FluentWait.java:231)
at com.connectors.AddingConnector.saveConnection(AddingConnector.java:496)
at com.connectors.AddingConnector.connectorDetails_string(AddingConnector.java:139)
at com.connectors.AddingConnector.connectorDetails(AddingConnector.java:421)
at testcases.ConnectorsTest.saveConnection(ConnectorsTest.java:143)
at java.base/jdk.internal.reflect.NativeMethodAccessorImpl.invoke0(Native Method)
at java.base/jdk.internal.reflect.NativeMethodAccessorImpl.invoke(NativeMethodAccessorImpl.java:77)
at java.base/jdk.internal.reflect.DelegatingMethodAccessorImpl.invoke(DelegatingMethodAccessorImpl.java:43)
at java.base/java.lang.reflect.Method.invoke(Method.java:568)
at org.testng.internal.MethodInvocationHelper.invokeMethod(MethodInvocationHelper.java:132)
at org.testng.internal.TestInvoker.invokeMethod(TestInvoker.java:599)
at org.testng.internal.TestInvoker.invokeTestMethod(TestInvoker.java:174)
at org.testng.internal.MethodRunner.runInSequence(MethodRunner.java:46)
at org.testng.internal.TestInvoker$MethodInvocationAgent.invoke(TestInvoker.java:822)
at org.testng.internal.TestInvoker.invokeTestMethods(TestInvoker.java:147)
at org.testng.internal.TestMethodWorker.invokeTestMethods(TestMethodWorker.java:146)
at org.testng.internal.TestMethodWorker.run(TestMethodWorker.java:128)
at java.base/java.util.ArrayList.forEach(ArrayList.java:1511)
at org.testng.TestRunner.privateRun(TestRunner.java:764)
at org.testng.TestRunner.run(TestRunner.java:585)
at org.testng.SuiteRunner.runTest(SuiteRunner.java:384)
at org.testng.SuiteRunner.runSequentially(SuiteRunner.java:378)
at org.testng.SuiteRunner.privateRun(SuiteRunner.java:337)
at org.testng.SuiteRunner.run(SuiteRunner.java:286)
at org.testng.SuiteRunnerWorker.runSuite(SuiteRunnerWorker.java:53)
at org.testng.SuiteRunnerWorker.run(SuiteRunnerWorker.java:96)
at org.testng.TestNG.runSuitesSequentially(TestNG.java:1218)
at org.testng.TestNG.runSuitesLocally(TestNG.java:1140)
at org.testng.TestNG.runSuites(TestNG.java:1069)
at org.testng.TestNG.run(TestNG.java:1037)
at org.testng.remote.AbstractRemoteTestNG.run(AbstractRemoteTestNG.java:115)
at org.testng.remote.RemoteTestNG.initAndRun(RemoteTestNG.java:251)
at org.testng.remote.RemoteTestNG.main(RemoteTestNG.java:77)
]]>
            </full-stacktrace>
          </exception> <!-- org.openqa.selenium.TimeoutException -->
          <reporter-output>
          </reporter-output>
        </test-method> <!-- saveConnection -->
        <test-method is-config="true" signature="driverClose(org.testng.ITestResult, org.testng.ITestContext)[pri:0, instance:testcases.ConnectorsTest@7e7be63f]" started-at="2023-01-10T13:14:17 IST" name="driverClose" finished-at="2023-01-10T13:14:17 IST" duration-ms="235" status="PASS">
          <params>
            <param index="0">
              <value>
                <![CDATA[[TestResult name=saveConnection status=SKIP method=ConnectorsTest.saveConnection(java.lang.String, java.lang.String)[pri:2, instance:testcases.ConnectorsTest@7e7be63f] output={null}]]]>
              </value>
            </param>
            <param index="1">
              <value>
                <![CDATA[org.testng.TestRunner@399b0d80]]>
              </value>
            </param>
          </params>
          <reporter-output>
          </reporter-output>
        </test-method> <!-- driverClose -->
        <test-method is-config="true" signature="setUp()[pri:0, instance:testcases.ConnectorsTest@7e7be63f]" started-at="2023-01-10T13:14:17 IST" name="setUp" finished-at="2023-01-10T13:14:47 IST" duration-ms="29716" status="PASS">
          <reporter-output>
          </reporter-output>
        </test-method> <!-- setUp -->
        <test-method retried="true" signature="saveConnection(java.lang.String, java.lang.String)[pri:2, instance:testcases.ConnectorsTest@7e7be63f]" started-at="2023-01-10T13:14:47 IST" name="saveConnection" finished-at="2023-01-10T13:16:10 IST" duration-ms="83246" status="SKIP">
          <params>
            <param index="0">
              <value>
                <![CDATA[mongo]]>
              </value>
            </param>
            <param index="1">
              <value>
                <![CDATA[1]]>
              </value>
            </param>
          </params>
          <exception class="org.openqa.selenium.TimeoutException">
            <message>
              <![CDATA[Expected condition failed: waiting for visibility of element located by By.xpath: //*[@class='connected-block']/div/div (tried for 60 second(s) with 500 milliseconds interval)
Build info: version: '4.1.2', revision: '9a5a329c5a'
System info: host: 'DESKTOP-2SJV0LG', ip: '192.168.1.10', os.name: 'Windows 10', os.arch: 'amd64', os.version: '10.0', java.version: '17.0.4.1'
Driver info: org.openqa.selenium.chrome.ChromeDriver
Capabilities {acceptInsecureCerts: true, browserName: chrome, browserVersion: 108.0.5359.125, chrome: {chromedriverVersion: 108.0.5359.22 (ec46c90f5938..., userDataDir: C:\Users\popst\AppData\Loca...}, goog:chromeOptions: {debuggerAddress: localhost:61459}, javascriptEnabled: true, networkConnectionEnabled: false, pageLoadStrategy: normal, platform: WINDOWS, platformName: WINDOWS, proxy: Proxy(), se:cdp: ws://localhost:61459/devtoo..., se:cdpVersion: 108.0.5359.125, setWindowRect: true, strictFileInteractability: false, timeouts: {implicit: 0, pageLoad: 300000, script: 30000}, unhandledPromptBehavior: dismiss and notify, webauthn:extension:credBlob: true, webauthn:extension:largeBlob: true, webauthn:virtualAuthenticators: true}
Session ID: 678f85a2fed5d714ebf39e3ff4a13066]]>
            </message>
            <full-stacktrace>
              <![CDATA[org.openqa.selenium.TimeoutException: Expected condition failed: waiting for visibility of element located by By.xpath: //*[@class='connected-block']/div/div (tried for 60 second(s) with 500 milliseconds interval)
Build info: version: '4.1.2', revision: '9a5a329c5a'
System info: host: 'DESKTOP-2SJV0LG', ip: '192.168.1.10', os.name: 'Windows 10', os.arch: 'amd64', os.version: '10.0', java.version: '17.0.4.1'
Driver info: org.openqa.selenium.chrome.ChromeDriver
Capabilities {acceptInsecureCerts: true, browserName: chrome, browserVersion: 108.0.5359.125, chrome: {chromedriverVersion: 108.0.5359.22 (ec46c90f5938..., userDataDir: C:\Users\popst\AppData\Loca...}, goog:chromeOptions: {debuggerAddress: localhost:61459}, javascriptEnabled: true, networkConnectionEnabled: false, pageLoadStrategy: normal, platform: WINDOWS, platformName: WINDOWS, proxy: Proxy(), se:cdp: ws://localhost:61459/devtoo..., se:cdpVersion: 108.0.5359.125, setWindowRect: true, strictFileInteractability: false, timeouts: {implicit: 0, pageLoad: 300000, script: 30000}, unhandledPromptBehavior: dismiss and notify, webauthn:extension:credBlob: true, webauthn:extension:largeBlob: true, webauthn:virtualAuthenticators: true}
Session ID: 678f85a2fed5d714ebf39e3ff4a13066
at org.openqa.selenium.support.ui.WebDriverWait.timeoutException(WebDriverWait.java:138)
at org.openqa.selenium.support.ui.FluentWait.until(FluentWait.java:231)
at com.connectors.AddingConnector.saveConnection(AddingConnector.java:496)
at com.connectors.AddingConnector.connectorDetails_string(AddingConnector.java:139)
at com.connectors.AddingConnector.connectorDetails(AddingConnector.java:421)
at testcases.ConnectorsTest.saveConnection(ConnectorsTest.java:143)
at java.base/jdk.internal.reflect.NativeMethodAccessorImpl.invoke0(Native Method)
at java.base/jdk.internal.reflect.NativeMethodAccessorImpl.invoke(NativeMethodAccessorImpl.java:77)
at java.base/jdk.internal.reflect.DelegatingMethodAccessorImpl.invoke(DelegatingMethodAccessorImpl.java:43)
at java.base/java.lang.reflect.Method.invoke(Method.java:568)
at org.testng.internal.MethodInvocationHelper.invokeMethod(MethodInvocationHelper.java:132)
at org.testng.internal.TestInvoker.invokeMethod(TestInvoker.java:599)
at org.testng.internal.TestInvoker.retryFailed(TestInvoker.java:214)
at org.testng.internal.MethodRunner.runInSequence(MethodRunner.java:58)
at org.testng.internal.TestInvoker$MethodInvocationAgent.invoke(TestInvoker.java:822)
at org.testng.internal.TestInvoker.invokeTestMethods(TestInvoker.java:147)
at org.testng.internal.TestMethodWorker.invokeTestMethods(TestMethodWorker.java:146)
at org.testng.internal.TestMethodWorker.run(TestMethodWorker.java:128)
at java.base/java.util.ArrayList.forEach(ArrayList.java:1511)
at org.testng.TestRunner.privateRun(TestRunner.java:764)
at org.testng.TestRunner.run(TestRunner.java:585)
at org.testng.SuiteRunner.runTest(SuiteRunner.java:384)
at org.testng.SuiteRunner.runSequentially(SuiteRunner.java:378)
at org.testng.SuiteRunner.privateRun(SuiteRunner.java:337)
at org.testng.SuiteRunner.run(SuiteRunner.java:286)
at org.testng.SuiteRunnerWorker.runSuite(SuiteRunnerWorker.java:53)
at org.testng.SuiteRunnerWorker.run(SuiteRunnerWorker.java:96)
at org.testng.TestNG.runSuitesSequentially(TestNG.java:1218)
at org.testng.TestNG.runSuitesLocally(TestNG.java:1140)
at org.testng.TestNG.runSuites(TestNG.java:1069)
at org.testng.TestNG.run(TestNG.java:1037)
at org.testng.remote.AbstractRemoteTestNG.run(AbstractRemoteTestNG.java:115)
at org.testng.remote.RemoteTestNG.initAndRun(RemoteTestNG.java:251)
at org.testng.remote.RemoteTestNG.main(RemoteTestNG.java:77)
]]>
            </full-stacktrace>
          </exception> <!-- org.openqa.selenium.TimeoutException -->
          <reporter-output>
          </reporter-output>
        </test-method> <!-- saveConnection -->
        <test-method is-config="true" signature="driverClose(org.testng.ITestResult, org.testng.ITestContext)[pri:0, instance:testcases.ConnectorsTest@7e7be63f]" started-at="2023-01-10T13:16:10 IST" name="driverClose" finished-at="2023-01-10T13:16:11 IST" duration-ms="200" status="PASS">
          <params>
            <param index="0">
              <value>
                <![CDATA[[TestResult name=saveConnection status=SKIP method=ConnectorsTest.saveConnection(java.lang.String, java.lang.String)[pri:2, instance:testcases.ConnectorsTest@7e7be63f] output={null}]]]>
              </value>
            </param>
            <param index="1">
              <value>
                <![CDATA[org.testng.TestRunner@399b0d80]]>
              </value>
            </param>
          </params>
          <reporter-output>
          </reporter-output>
        </test-method> <!-- driverClose -->
        <test-method is-config="true" signature="setUp()[pri:0, instance:testcases.ConnectorsTest@7e7be63f]" started-at="2023-01-10T13:16:11 IST" name="setUp" finished-at="2023-01-10T13:16:24 IST" duration-ms="13686" status="PASS">
          <reporter-output>
          </reporter-output>
        </test-method> <!-- setUp -->
        <test-method signature="saveConnection(java.lang.String, java.lang.String)[pri:2, instance:testcases.ConnectorsTest@7e7be63f]" started-at="2023-01-10T13:16:24 IST" name="saveConnection" finished-at="2023-01-10T13:17:29 IST" duration-ms="64610" status="FAIL">
          <params>
            <param index="0">
              <value>
                <![CDATA[mongo]]>
              </value>
            </param>
            <param index="1">
              <value>
                <![CDATA[1]]>
              </value>
            </param>
          </params>
          <exception class="org.openqa.selenium.TimeoutException">
            <message>
              <![CDATA[Expected condition failed: waiting for visibility of element located by By.xpath: //*[@class='connected-block']/div/div (tried for 60 second(s) with 500 milliseconds interval)
Build info: version: '4.1.2', revision: '9a5a329c5a'
System info: host: 'DESKTOP-2SJV0LG', ip: '192.168.1.10', os.name: 'Windows 10', os.arch: 'amd64', os.version: '10.0', java.version: '17.0.4.1'
Driver info: org.openqa.selenium.chrome.ChromeDriver
Capabilities {acceptInsecureCerts: true, browserName: chrome, browserVersion: 108.0.5359.125, chrome: {chromedriverVersion: 108.0.5359.22 (ec46c90f5938..., userDataDir: C:\Users\popst\AppData\Loca...}, goog:chromeOptions: {debuggerAddress: localhost:61517}, javascriptEnabled: true, networkConnectionEnabled: false, pageLoadStrategy: normal, platform: WINDOWS, platformName: WINDOWS, proxy: Proxy(), se:cdp: ws://localhost:61517/devtoo..., se:cdpVersion: 108.0.5359.125, setWindowRect: true, strictFileInteractability: false, timeouts: {implicit: 0, pageLoad: 300000, script: 30000}, unhandledPromptBehavior: dismiss and notify, webauthn:extension:credBlob: true, webauthn:extension:largeBlob: true, webauthn:virtualAuthenticators: true}
Session ID: 11f3f7b4a06286dd82eabaab74e2cc43]]>
            </message>
            <full-stacktrace>
              <![CDATA[org.openqa.selenium.TimeoutException: Expected condition failed: waiting for visibility of element located by By.xpath: //*[@class='connected-block']/div/div (tried for 60 second(s) with 500 milliseconds interval)
Build info: version: '4.1.2', revision: '9a5a329c5a'
System info: host: 'DESKTOP-2SJV0LG', ip: '192.168.1.10', os.name: 'Windows 10', os.arch: 'amd64', os.version: '10.0', java.version: '17.0.4.1'
Driver info: org.openqa.selenium.chrome.ChromeDriver
Capabilities {acceptInsecureCerts: true, browserName: chrome, browserVersion: 108.0.5359.125, chrome: {chromedriverVersion: 108.0.5359.22 (ec46c90f5938..., userDataDir: C:\Users\popst\AppData\Loca...}, goog:chromeOptions: {debuggerAddress: localhost:61517}, javascriptEnabled: true, networkConnectionEnabled: false, pageLoadStrategy: normal, platform: WINDOWS, platformName: WINDOWS, proxy: Proxy(), se:cdp: ws://localhost:61517/devtoo..., se:cdpVersion: 108.0.5359.125, setWindowRect: true, strictFileInteractability: false, timeouts: {implicit: 0, pageLoad: 300000, script: 30000}, unhandledPromptBehavior: dismiss and notify, webauthn:extension:credBlob: true, webauthn:extension:largeBlob: true, webauthn:virtualAuthenticators: true}
Session ID: 11f3f7b4a06286dd82eabaab74e2cc43
at org.openqa.selenium.support.ui.WebDriverWait.timeoutException(WebDriverWait.java:138)
at org.openqa.selenium.support.ui.FluentWait.until(FluentWait.java:231)
at com.connectors.AddingConnector.saveConnection(AddingConnector.java:496)
at com.connectors.AddingConnector.connectorDetails_string(AddingConnector.java:139)
at com.connectors.AddingConnector.connectorDetails(AddingConnector.java:421)
at testcases.ConnectorsTest.saveConnection(ConnectorsTest.java:143)
at java.base/jdk.internal.reflect.NativeMethodAccessorImpl.invoke0(Native Method)
at java.base/jdk.internal.reflect.NativeMethodAccessorImpl.invoke(NativeMethodAccessorImpl.java:77)
at java.base/jdk.internal.reflect.DelegatingMethodAccessorImpl.invoke(DelegatingMethodAccessorImpl.java:43)
at java.base/java.lang.reflect.Method.invoke(Method.java:568)
at org.testng.internal.MethodInvocationHelper.invokeMethod(MethodInvocationHelper.java:132)
at org.testng.internal.TestInvoker.invokeMethod(TestInvoker.java:599)
at org.testng.internal.TestInvoker.retryFailed(TestInvoker.java:214)
at org.testng.internal.MethodRunner.runInSequence(MethodRunner.java:58)
at org.testng.internal.TestInvoker$MethodInvocationAgent.invoke(TestInvoker.java:822)
at org.testng.internal.TestInvoker.invokeTestMethods(TestInvoker.java:147)
at org.testng.internal.TestMethodWorker.invokeTestMethods(TestMethodWorker.java:146)
at org.testng.internal.TestMethodWorker.run(TestMethodWorker.java:128)
at java.base/java.util.ArrayList.forEach(ArrayList.java:1511)
at org.testng.TestRunner.privateRun(TestRunner.java:764)
at org.testng.TestRunner.run(TestRunner.java:585)
at org.testng.SuiteRunner.runTest(SuiteRunner.java:384)
at org.testng.SuiteRunner.runSequentially(SuiteRunner.java:378)
at org.testng.SuiteRunner.privateRun(SuiteRunner.java:337)
at org.testng.SuiteRunner.run(SuiteRunner.java:286)
at org.testng.SuiteRunnerWorker.runSuite(SuiteRunnerWorker.java:53)
at org.testng.SuiteRunnerWorker.run(SuiteRunnerWorker.java:96)
at org.testng.TestNG.runSuitesSequentially(TestNG.java:1218)
at org.testng.TestNG.runSuitesLocally(TestNG.java:1140)
at org.testng.TestNG.runSuites(TestNG.java:1069)
at org.testng.TestNG.run(TestNG.java:1037)
at org.testng.remote.AbstractRemoteTestNG.run(AbstractRemoteTestNG.java:115)
at org.testng.remote.RemoteTestNG.initAndRun(RemoteTestNG.java:251)
at org.testng.remote.RemoteTestNG.main(RemoteTestNG.java:77)
]]>
            </full-stacktrace>
          </exception> <!-- org.openqa.selenium.TimeoutException -->
          <reporter-output>
          </reporter-output>
        </test-method> <!-- saveConnection -->
        <test-method is-config="true" signature="driverClose(org.testng.ITestResult, org.testng.ITestContext)[pri:0, instance:testcases.ConnectorsTest@7e7be63f]" started-at="2023-01-10T13:17:29 IST" name="driverClose" finished-at="2023-01-10T13:17:29 IST" duration-ms="519" status="PASS">
          <params>
            <param index="0">
              <value>
                <![CDATA[[TestResult name=saveConnection status=FAILURE method=ConnectorsTest.saveConnection(java.lang.String, java.lang.String)[pri:2, instance:testcases.ConnectorsTest@7e7be63f] output={null}]]]>
              </value>
            </param>
            <param index="1">
              <value>
                <![CDATA[org.testng.TestRunner@399b0d80]]>
              </value>
            </param>
          </params>
          <reporter-output>
          </reporter-output>
        </test-method> <!-- driverClose -->
        <test-method signature="addQuery(java.lang.String, java.lang.String)[pri:3, instance:testcases.ConnectorsTest@7e7be63f]" started-at="2023-01-10T13:17:29 IST" name="addQuery" finished-at="2023-01-10T13:17:29 IST" depends-on-methods="testcases.ConnectorsTest.saveConnection" duration-ms="0" status="SKIP">
          <exception class="java.lang.Throwable">
            <message>
              <![CDATA[Method ConnectorsTest.addQuery(java.lang.String, java.lang.String)[pri:3, instance:testcases.ConnectorsTest@7e7be63f] depends on not successfully finished methods]]>
            </message>
            <full-stacktrace>
              <![CDATA[java.lang.Throwable: Method ConnectorsTest.addQuery(java.lang.String, java.lang.String)[pri:3, instance:testcases.ConnectorsTest@7e7be63f] depends on not successfully finished methods
at org.testng.internal.TestInvoker.invokeTestMethods(TestInvoker.java:102)
at org.testng.internal.TestMethodWorker.invokeTestMethods(TestMethodWorker.java:146)
at org.testng.internal.TestMethodWorker.run(TestMethodWorker.java:128)
at java.base/java.util.ArrayList.forEach(ArrayList.java:1511)
at org.testng.TestRunner.privateRun(TestRunner.java:764)
at org.testng.TestRunner.run(TestRunner.java:585)
at org.testng.SuiteRunner.runTest(SuiteRunner.java:384)
at org.testng.SuiteRunner.runSequentially(SuiteRunner.java:378)
at org.testng.SuiteRunner.privateRun(SuiteRunner.java:337)
at org.testng.SuiteRunner.run(SuiteRunner.java:286)
at org.testng.SuiteRunnerWorker.runSuite(SuiteRunnerWorker.java:53)
at org.testng.SuiteRunnerWorker.run(SuiteRunnerWorker.java:96)
at org.testng.TestNG.runSuitesSequentially(TestNG.java:1218)
at org.testng.TestNG.runSuitesLocally(TestNG.java:1140)
at org.testng.TestNG.runSuites(TestNG.java:1069)
at org.testng.TestNG.run(TestNG.java:1037)
at org.testng.remote.AbstractRemoteTestNG.run(AbstractRemoteTestNG.java:115)
at org.testng.remote.RemoteTestNG.initAndRun(RemoteTestNG.java:251)
at org.testng.remote.RemoteTestNG.main(RemoteTestNG.java:77)
]]>
            </full-stacktrace>
          </exception> <!-- java.lang.Throwable -->
          <reporter-output>
          </reporter-output>
        </test-method> <!-- addQuery -->
      </class> <!-- testcases.ConnectorsTest -->
    </test> <!-- mongoDB -->
    <test started-at="2023-01-10T13:17:29 IST" name="postgre" finished-at="2023-01-10T13:21:46 IST" duration-ms="256466">
      <class name="testcases.ConnectorsTest">
        <test-method is-config="true" signature="startTest(org.testng.ITestContext)[pri:0, instance:testcases.ConnectorsTest@18d87d80]" started-at="2023-01-10T13:17:29 IST" name="startTest" finished-at="2023-01-10T13:17:29 IST" duration-ms="3" status="PASS">
          <params>
            <param index="0">
              <value>
                <![CDATA[org.testng.TestRunner@1e84a463]]>
              </value>
            </param>
          </params>
          <reporter-output>
          </reporter-output>
        </test-method> <!-- startTest -->
        <test-method is-config="true" signature="setUp()[pri:0, instance:testcases.ConnectorsTest@18d87d80]" started-at="2023-01-10T13:17:29 IST" name="setUp" finished-at="2023-01-10T13:17:44 IST" duration-ms="14218" status="PASS">
          <reporter-output>
          </reporter-output>
        </test-method> <!-- setUp -->
        <test-method signature="connectionTest(java.lang.String, java.lang.String)[pri:1, instance:testcases.ConnectorsTest@18d87d80]" started-at="2023-01-10T13:17:44 IST" name="connectionTest" finished-at="2023-01-10T13:17:49 IST" duration-ms="5259" status="PASS">
          <params>
            <param index="0">
              <value>
                <![CDATA[2]]>
              </value>
            </param>
            <param index="1">
              <value>
                <![CDATA[postgre]]>
              </value>
            </param>
          </params>
          <reporter-output>
          </reporter-output>
        </test-method> <!-- connectionTest -->
        <test-method is-config="true" signature="driverClose(org.testng.ITestResult, org.testng.ITestContext)[pri:0, instance:testcases.ConnectorsTest@18d87d80]" started-at="2023-01-10T13:17:49 IST" name="driverClose" finished-at="2023-01-10T13:17:49 IST" duration-ms="194" status="PASS">
          <params>
            <param index="0">
              <value>
                <![CDATA[[TestResult name=connectionTest status=SUCCESS method=ConnectorsTest.connectionTest(java.lang.String, java.lang.String)[pri:1, instance:testcases.ConnectorsTest@18d87d80] output={null}]]]>
              </value>
            </param>
            <param index="1">
              <value>
                <![CDATA[org.testng.TestRunner@1e84a463]]>
              </value>
            </param>
          </params>
          <reporter-output>
          </reporter-output>
        </test-method> <!-- driverClose -->
        <test-method is-config="true" signature="setUp()[pri:0, instance:testcases.ConnectorsTest@18d87d80]" started-at="2023-01-10T13:17:49 IST" name="setUp" finished-at="2023-01-10T13:18:03 IST" duration-ms="13725" status="PASS">
          <reporter-output>
          </reporter-output>
        </test-method> <!-- setUp -->
        <test-method retried="true" signature="saveConnection(java.lang.String, java.lang.String)[pri:2, instance:testcases.ConnectorsTest@18d87d80]" started-at="2023-01-10T13:18:03 IST" name="saveConnection" finished-at="2023-01-10T13:19:07 IST" duration-ms="64207" status="SKIP">
          <params>
            <param index="0">
              <value>
                <![CDATA[postgre]]>
              </value>
            </param>
            <param index="1">
              <value>
                <![CDATA[2]]>
              </value>
            </param>
          </params>
          <exception class="org.openqa.selenium.TimeoutException">
            <message>
              <![CDATA[Expected condition failed: waiting for visibility of element located by By.xpath: //*[@class='connected-block']/div/div (tried for 60 second(s) with 500 milliseconds interval)
Build info: version: '4.1.2', revision: '9a5a329c5a'
System info: host: 'DESKTOP-2SJV0LG', ip: '192.168.1.10', os.name: 'Windows 10', os.arch: 'amd64', os.version: '10.0', java.version: '17.0.4.1'
Driver info: org.openqa.selenium.chrome.ChromeDriver
Capabilities {acceptInsecureCerts: true, browserName: chrome, browserVersion: 108.0.5359.125, chrome: {chromedriverVersion: 108.0.5359.22 (ec46c90f5938..., userDataDir: C:\Users\popst\AppData\Loca...}, goog:chromeOptions: {debuggerAddress: localhost:61600}, javascriptEnabled: true, networkConnectionEnabled: false, pageLoadStrategy: normal, platform: WINDOWS, platformName: WINDOWS, proxy: Proxy(), se:cdp: ws://localhost:61600/devtoo..., se:cdpVersion: 108.0.5359.125, setWindowRect: true, strictFileInteractability: false, timeouts: {implicit: 0, pageLoad: 300000, script: 30000}, unhandledPromptBehavior: dismiss and notify, webauthn:extension:credBlob: true, webauthn:extension:largeBlob: true, webauthn:virtualAuthenticators: true}
Session ID: e48d992bda4c4e87983498aac6574a40]]>
            </message>
            <full-stacktrace>
              <![CDATA[org.openqa.selenium.TimeoutException: Expected condition failed: waiting for visibility of element located by By.xpath: //*[@class='connected-block']/div/div (tried for 60 second(s) with 500 milliseconds interval)
Build info: version: '4.1.2', revision: '9a5a329c5a'
System info: host: 'DESKTOP-2SJV0LG', ip: '192.168.1.10', os.name: 'Windows 10', os.arch: 'amd64', os.version: '10.0', java.version: '17.0.4.1'
Driver info: org.openqa.selenium.chrome.ChromeDriver
Capabilities {acceptInsecureCerts: true, browserName: chrome, browserVersion: 108.0.5359.125, chrome: {chromedriverVersion: 108.0.5359.22 (ec46c90f5938..., userDataDir: C:\Users\popst\AppData\Loca...}, goog:chromeOptions: {debuggerAddress: localhost:61600}, javascriptEnabled: true, networkConnectionEnabled: false, pageLoadStrategy: normal, platform: WINDOWS, platformName: WINDOWS, proxy: Proxy(), se:cdp: ws://localhost:61600/devtoo..., se:cdpVersion: 108.0.5359.125, setWindowRect: true, strictFileInteractability: false, timeouts: {implicit: 0, pageLoad: 300000, script: 30000}, unhandledPromptBehavior: dismiss and notify, webauthn:extension:credBlob: true, webauthn:extension:largeBlob: true, webauthn:virtualAuthenticators: true}
Session ID: e48d992bda4c4e87983498aac6574a40
at org.openqa.selenium.support.ui.WebDriverWait.timeoutException(WebDriverWait.java:138)
at org.openqa.selenium.support.ui.FluentWait.until(FluentWait.java:231)
at com.connectors.AddingConnector.saveConnection(AddingConnector.java:496)
at com.connectors.AddingConnector.connectorDetails_details(AddingConnector.java:100)
at com.connectors.AddingConnector.connectorDetails(AddingConnector.java:426)
at testcases.ConnectorsTest.saveConnection(ConnectorsTest.java:143)
at java.base/jdk.internal.reflect.NativeMethodAccessorImpl.invoke0(Native Method)
at java.base/jdk.internal.reflect.NativeMethodAccessorImpl.invoke(NativeMethodAccessorImpl.java:77)
at java.base/jdk.internal.reflect.DelegatingMethodAccessorImpl.invoke(DelegatingMethodAccessorImpl.java:43)
at java.base/java.lang.reflect.Method.invoke(Method.java:568)
at org.testng.internal.MethodInvocationHelper.invokeMethod(MethodInvocationHelper.java:132)
at org.testng.internal.TestInvoker.invokeMethod(TestInvoker.java:599)
at org.testng.internal.TestInvoker.invokeTestMethod(TestInvoker.java:174)
at org.testng.internal.MethodRunner.runInSequence(MethodRunner.java:46)
at org.testng.internal.TestInvoker$MethodInvocationAgent.invoke(TestInvoker.java:822)
at org.testng.internal.TestInvoker.invokeTestMethods(TestInvoker.java:147)
at org.testng.internal.TestMethodWorker.invokeTestMethods(TestMethodWorker.java:146)
at org.testng.internal.TestMethodWorker.run(TestMethodWorker.java:128)
at java.base/java.util.ArrayList.forEach(ArrayList.java:1511)
at org.testng.TestRunner.privateRun(TestRunner.java:764)
at org.testng.TestRunner.run(TestRunner.java:585)
at org.testng.SuiteRunner.runTest(SuiteRunner.java:384)
at org.testng.SuiteRunner.runSequentially(SuiteRunner.java:378)
at org.testng.SuiteRunner.privateRun(SuiteRunner.java:337)
at org.testng.SuiteRunner.run(SuiteRunner.java:286)
at org.testng.SuiteRunnerWorker.runSuite(SuiteRunnerWorker.java:53)
at org.testng.SuiteRunnerWorker.run(SuiteRunnerWorker.java:96)
at org.testng.TestNG.runSuitesSequentially(TestNG.java:1218)
at org.testng.TestNG.runSuitesLocally(TestNG.java:1140)
at org.testng.TestNG.runSuites(TestNG.java:1069)
at org.testng.TestNG.run(TestNG.java:1037)
at org.testng.remote.AbstractRemoteTestNG.run(AbstractRemoteTestNG.java:115)
at org.testng.remote.RemoteTestNG.initAndRun(RemoteTestNG.java:251)
at org.testng.remote.RemoteTestNG.main(RemoteTestNG.java:77)
]]>
            </full-stacktrace>
          </exception> <!-- org.openqa.selenium.TimeoutException -->
          <reporter-output>
          </reporter-output>
        </test-method> <!-- saveConnection -->
        <test-method is-config="true" signature="driverClose(org.testng.ITestResult, org.testng.ITestContext)[pri:0, instance:testcases.ConnectorsTest@18d87d80]" started-at="2023-01-10T13:19:07 IST" name="driverClose" finished-at="2023-01-10T13:19:07 IST" duration-ms="245" status="PASS">
          <params>
            <param index="0">
              <value>
                <![CDATA[[TestResult name=saveConnection status=SKIP method=ConnectorsTest.saveConnection(java.lang.String, java.lang.String)[pri:2, instance:testcases.ConnectorsTest@18d87d80] output={null}]]]>
              </value>
            </param>
            <param index="1">
              <value>
                <![CDATA[org.testng.TestRunner@1e84a463]]>
              </value>
            </param>
          </params>
          <reporter-output>
          </reporter-output>
        </test-method> <!-- driverClose -->
        <test-method is-config="true" signature="setUp()[pri:0, instance:testcases.ConnectorsTest@18d87d80]" started-at="2023-01-10T13:19:07 IST" name="setUp" finished-at="2023-01-10T13:19:21 IST" duration-ms="14095" status="PASS">
          <reporter-output>
          </reporter-output>
        </test-method> <!-- setUp -->
[...]
at testcases.PermissionTest.setUp(PermissionTest.java:48)
at testcases.PermissionTest.setUp(PermissionTest.java:48)
at testcases.PermissionTest.setUp(PermissionTest.java:48)
at testcases.PermissionTest.setUp(PermissionTest.java:48)
at testcases.PermissionTest.setUp(PermissionTest.java:48)
at testcases.PermissionTest.setUp(PermissionTest.java:48)
at testcases.PermissionTest.setUp(PermissionTest.java:48)
at testcases.PermissionTest.setUp(PermissionTest.java:48)
at testcases.PermissionTest.setUp(PermissionTest.java:48)
at testcases.PermissionTest.setUp(PermissionTest.java:48)
at testcases.PermissionTest.setUp(PermissionTest.java:48)
at testcases.PermissionTest.setUp(PermissionTest.java:48)
at testcases.PermissionTest.setUp(PermissionTest.java:48)
at testcases.PermissionTest.setUp(PermissionTest.java:48)
at testcases.PermissionTest.setUp(PermissionTest.java:48)
at testcases.PermissionTest.setUp(PermissionTest.java:48)
at testcases.PermissionTest.setUp(PermissionTest.java:48)
at testcases.PermissionTest.setUp(PermissionTest.java:48)
at testcases.PermissionTest.setUp(PermissionTest.java:48)
at testcases.PermissionTest.setUp(PermissionTest.java:48)
at testcases.PermissionTest.setUp(PermissionTest.java:48)
at testcases.PermissionTest.setUp(PermissionTest.java:48)
at testcases.PermissionTest.setUp(PermissionTest.java:48)
at testcases.PermissionTest.setUp(PermissionTest.java:48)
at testcases.PermissionTest.setUp(PermissionTest.java:48)
at testcases.PermissionTest.setUp(PermissionTest.java:48)
at testcases.PermissionTest.setUp(PermissionTest.java:48)
at testcases.PermissionTest.setUp(PermissionTest.java:48)
at testcases.PermissionTest.setUp(PermissionTest.java:48)
at testcases.PermissionTest.setUp(PermissionTest.java:48)
at testcases.PermissionTest.setUp(PermissionTest.java:48)
at testcases.PermissionTest.setUp(PermissionTest.java:48)
at testcases.PermissionTest.setUp(PermissionTest.java:48)
at testcases.PermissionTest.setUp(PermissionTest.java:48)
at testcases.PermissionTest.setUp(PermissionTest.java:48)
at testcases.PermissionTest.setUp(PermissionTest.java:48)
at testcases.PermissionTest.setUp(PermissionTest.java:48)
at testcases.PermissionTest.setUp(PermissionTest.java:48)
at testcases.PermissionTest.setUp(PermissionTest.java:48)
at testcases.PermissionTest.setUp(PermissionTest.java:48)
at testcases.PermissionTest.setUp(PermissionTest.java:48)
at testcases.PermissionTest.setUp(PermissionTest.java:48)
at testcases.PermissionTest.setUp(PermissionTest.java:48)
at testcases.PermissionTest.setUp(PermissionTest.java:48)
at testcases.PermissionTest.setUp(PermissionTest.java:48)
at testcases.PermissionTest.setUp(PermissionTest.java:48)
at testcases.PermissionTest.setUp(PermissionTest.java:48)
at testcases.PermissionTest.setUp(PermissionTest.java:48)
at testcases.PermissionTest.setUp(PermissionTest.java:48)
at testcases.PermissionTest.setUp(PermissionTest.java:48)
at testcases.PermissionTest.setUp(PermissionTest.java:48)
at testcases.PermissionTest.setUp(PermissionTest.java:48)
at testcases.PermissionTest.setUp(PermissionTest.java:48)
at testcases.PermissionTest.setUp(PermissionTest.java:48)
at testcases.PermissionTest.setUp(PermissionTest.java:48)
at testcases.PermissionTest.setUp(PermissionTest.java:48)
at testcases.PermissionTest.setUp(PermissionTest.java:48)
at testcases.PermissionTest.setUp(PermissionTest.java:48)
at testcases.PermissionTest.setUp(PermissionTest.java:48)
at testcases.PermissionTest.setUp(PermissionTest.java:48)
at testcases.PermissionTest.setUp(PermissionTest.java:48)
at testcases.PermissionTest.setUp(PermissionTest.java:48)
at testcases.PermissionTest.setUp(PermissionTest.java:48)
at testcases.PermissionTest.setUp(PermissionTest.java:48)
at testcases.PermissionTest.setUp(PermissionTest.java:48)
at testcases.PermissionTest.setUp(PermissionTest.java:48)
at testcases.PermissionTest.setUp(PermissionTest.java:48)
at testcases.PermissionTest.setUp(PermissionTest.java:48)
at testcases.PermissionTest.setUp(PermissionTest.java:48)
at testcases.PermissionTest.setUp(PermissionTest.java:48)
at testcases.PermissionTest.setUp(PermissionTest.java:48)
at testcases.PermissionTest.setUp(PermissionTest.java:48)
at testcases.PermissionTest.setUp(PermissionTest.java:48)
at testcases.PermissionTest.setUp(PermissionTest.java:48)
at testcases.PermissionTest.setUp(PermissionTest.java:48)
at testcases.PermissionTest.setUp(PermissionTest.java:48)
at testcases.PermissionTest.setUp(PermissionTest.java:48)
at testcases.PermissionTest.setUp(PermissionTest.java:48)
at testcases.PermissionTest.setUp(PermissionTest.java:48)
at testcases.PermissionTest.setUp(PermissionTest.java:48)
at testcases.PermissionTest.setUp(PermissionTest.java:48)
at testcases.PermissionTest.setUp(PermissionTest.java:48)
at testcases.PermissionTest.setUp(PermissionTest.java:48)
at testcases.PermissionTest.setUp(PermissionTest.java:48)
at testcases.PermissionTest.setUp(PermissionTest.java:48)
at testcases.PermissionTest.setUp(PermissionTest.java:48)
at testcases.PermissionTest.setUp(PermissionTest.java:48)
at testcases.PermissionTest.setUp(PermissionTest.java:48)
at testcases.PermissionTest.setUp(PermissionTest.java:48)
at testcases.PermissionTest.setUp(PermissionTest.java:48)
at testcases.PermissionTest.setUp(PermissionTest.java:48)
at testcases.PermissionTest.setUp(PermissionTest.java:48)
at testcases.PermissionTest.setUp(PermissionTest.java:48)
at testcases.PermissionTest.setUp(PermissionTest.java:48)
at testcases.PermissionTest.setUp(PermissionTest.java:48)
at testcases.PermissionTest.setUp(PermissionTest.java:48)
at testcases.PermissionTest.setUp(PermissionTest.java:48)
at testcases.PermissionTest.setUp(PermissionTest.java:48)
at testcases.PermissionTest.setUp(PermissionTest.java:48)
at testcases.PermissionTest.setUp(PermissionTest.java:48)
at testcases.PermissionTest.setUp(PermissionTest.java:48)
at testcases.PermissionTest.setUp(PermissionTest.java:48)
at testcases.PermissionTest.setUp(PermissionTest.java:48)
at testcases.PermissionTest.setUp(PermissionTest.java:48)
at testcases.PermissionTest.setUp(PermissionTest.java:48)
at testcases.PermissionTest.setUp(PermissionTest.java:48)
at testcases.PermissionTest.setUp(PermissionTest.java:48)
at testcases.PermissionTest.setUp(PermissionTest.java:48)
at testcases.PermissionTest.setUp(PermissionTest.java:48)
at testcases.PermissionTest.setUp(PermissionTest.java:48)
at testcases.PermissionTest.setUp(PermissionTest.java:48)
at testcases.PermissionTest.setUp(PermissionTest.java:48)
at testcases.PermissionTest.setUp(PermissionTest.java:48)
at testcases.PermissionTest.setUp(PermissionTest.java:48)
at testcases.PermissionTest.setUp(PermissionTest.java:48)
at testcases.PermissionTest.setUp(PermissionTest.java:48)
at testcases.PermissionTest.setUp(PermissionTest.java:48)
at testcases.PermissionTest.setUp(PermissionTest.java:48)
at testcases.PermissionTest.setUp(PermissionTest.java:48)
at testcases.PermissionTest.setUp(PermissionTest.java:48)
at testcases.PermissionTest.setUp(PermissionTest.java:48)
at testcases.PermissionTest.setUp(PermissionTest.java:48)
at testcases.PermissionTest.setUp(PermissionTest.java:48)
at testcases.PermissionTest.setUp(PermissionTest.java:48)
at testcases.PermissionTest.setUp(PermissionTest.java:48)
at testcases.PermissionTest.setUp(PermissionTest.java:48)
at testcases.PermissionTest.setUp(PermissionTest.java:48)
at testcases.PermissionTest.setUp(PermissionTest.java:48)
at testcases.PermissionTest.setUp(PermissionTest.java:48)
at testcases.PermissionTest.setUp(PermissionTest.java:48)
at testcases.PermissionTest.setUp(PermissionTest.java:48)
at testcases.PermissionTest.setUp(PermissionTest.java:48)
at testcases.PermissionTest.setUp(PermissionTest.java:48)
at testcases.PermissionTest.setUp(PermissionTest.java:48)
at testcases.PermissionTest.setUp(PermissionTest.java:48)
at testcases.PermissionTest.setUp(PermissionTest.java:48)
at testcases.PermissionTest.setUp(PermissionTest.java:48)
at testcases.PermissionTest.setUp(PermissionTest.java:48)
at testcases.PermissionTest.setUp(PermissionTest.java:48)
at testcases.PermissionTest.setUp(PermissionTest.java:48)
at testcases.PermissionTest.setUp(PermissionTest.java:48)
at testcases.PermissionTest.setUp(PermissionTest.java:48)
at testcases.PermissionTest.setUp(PermissionTest.java:48)
at testcases.PermissionTest.setUp(PermissionTest.java:48)
at testcases.PermissionTest.setUp(PermissionTest.java:48)
at testcases.PermissionTest.setUp(PermissionTest.java:48)
at testcases.PermissionTest.setUp(PermissionTest.java:48)
at testcases.PermissionTest.setUp(PermissionTest.java:48)
at testcases.PermissionTest.setUp(PermissionTest.java:48)
at testcases.PermissionTest.setUp(PermissionTest.java:48)
at testcases.PermissionTest.setUp(PermissionTest.java:48)
at testcases.PermissionTest.setUp(PermissionTest.java:48)
at testcases.PermissionTest.setUp(PermissionTest.java:48)
at testcases.PermissionTest.setUp(PermissionTest.java:48)
at testcases.PermissionTest.setUp(PermissionTest.java:48)
at testcases.PermissionTest.setUp(PermissionTest.java:48)
at testcases.PermissionTest.setUp(PermissionTest.java:48)
at testcases.PermissionTest.setUp(PermissionTest.java:48)
at testcases.PermissionTest.setUp(PermissionTest.java:48)
at testcases.PermissionTest.setUp(PermissionTest.java:48)
at testcases.PermissionTest.setUp(PermissionTest.java:48)
at testcases.PermissionTest.setUp(PermissionTest.java:48)
at testcases.PermissionTest.setUp(PermissionTest.java:48)
at testcases.PermissionTest.setUp(PermissionTest.java:48)
at testcases.PermissionTest.setUp(PermissionTest.java:48)
at testcases.PermissionTest.setUp(PermissionTest.java:48)
at testcases.PermissionTest.setUp(PermissionTest.java:48)
at testcases.PermissionTest.setUp(PermissionTest.java:48)
at testcases.PermissionTest.setUp(PermissionTest.java:48)
at testcases.PermissionTest.setUp(PermissionTest.java:48)
at testcases.PermissionTest.setUp(PermissionTest.java:48)
at testcases.PermissionTest.setUp(PermissionTest.java:48)
at testcases.PermissionTest.setUp(PermissionTest.java:48)
at testcases.PermissionTest.setUp(PermissionTest.java:48)
at testcases.PermissionTest.setUp(PermissionTest.java:48)
at testcases.PermissionTest.setUp(PermissionTest.java:48)
at testcases.PermissionTest.setUp(PermissionTest.java:48)
at testcases.PermissionTest.setUp(PermissionTest.java:48)
at testcases.PermissionTest.setUp(PermissionTest.java:48)
at testcases.PermissionTest.setUp(PermissionTest.java:48)
at testcases.PermissionTest.setUp(PermissionTest.java:48)
at testcases.PermissionTest.setUp(PermissionTest.java:48)
at testcases.PermissionTest.setUp(PermissionTest.java:48)
at testcases.PermissionTest.setUp(PermissionTest.java:48)
at testcases.PermissionTest.setUp(PermissionTest.java:48)
at testcases.PermissionTest.setUp(PermissionTest.java:48)
at testcases.PermissionTest.setUp(PermissionTest.java:48)
at testcases.PermissionTest.setUp(PermissionTest.java:48)
at testcases.PermissionTest.setUp(PermissionTest.java:48)
at testcases.PermissionTest.setUp(PermissionTest.java:48)
at testcases.PermissionTest.setUp(PermissionTest.java:48)
at testcases.PermissionTest.setUp(PermissionTest.java:48)
at testcases.PermissionTest.setUp(PermissionTest.java:48)
at testcases.PermissionTest.setUp(PermissionTest.java:48)
at testcases.PermissionTest.setUp(PermissionTest.java:48)
at testcases.PermissionTest.setUp(PermissionTest.java:48)
at testcases.PermissionTest.setUp(PermissionTest.java:48)
at testcases.PermissionTest.setUp(PermissionTest.java:48)
at testcases.PermissionTest.setUp(PermissionTest.java:48)
at testcases.PermissionTest.setUp(PermissionTest.java:48)
at testcases.PermissionTest.setUp(PermissionTest.java:48)
at testcases.PermissionTest.setUp(PermissionTest.java:48)
at testcases.PermissionTest.setUp(PermissionTest.java:48)
at testcases.PermissionTest.setUp(PermissionTest.java:48)
at testcases.PermissionTest.setUp(PermissionTest.java:48)
at testcases.PermissionTest.setUp(PermissionTest.java:48)
at testcases.PermissionTest.setUp(PermissionTest.java:48)
at testcases.PermissionTest.setUp(PermissionTest.java:48)
at testcases.PermissionTest.setUp(PermissionTest.java:48)
at testcases.PermissionTest.setUp(PermissionTest.java:48)
at testcases.PermissionTest.setUp(PermissionTest.java:48)
at testcases.PermissionTest.setUp(PermissionTest.java:48)
at testcases.PermissionTest.setUp(PermissionTest.java:48)
at testcases.PermissionTest.setUp(PermissionTest.java:48)
at testcases.PermissionTest.setUp(PermissionTest.java:48)
at testcases.PermissionTest.setUp(PermissionTest.java:48)
at testcases.PermissionTest.setUp(PermissionTest.java:48)
at testcases.PermissionTest.setUp(PermissionTest.java:48)
at testcases.PermissionTest.setUp(PermissionTest.java:48)
at testcases.PermissionTest.setUp(PermissionTest.java:48)
at testcases.PermissionTest.setUp(PermissionTest.java:48)
at testcases.PermissionTest.setUp(PermissionTest.java:48)
at testcases.PermissionTest.setUp(PermissionTest.java:48)
at testcases.PermissionTest.setUp(PermissionTest.java:48)
at testcases.PermissionTest.setUp(PermissionTest.java:48)
at testcases.PermissionTest.setUp(PermissionTest.java:48)
at testcases.PermissionTest.setUp(PermissionTest.java:48)
at testcases.PermissionTest.setUp(PermissionTest.java:48)
at testcases.PermissionTest.setUp(PermissionTest.java:48)
at testcases.PermissionTest.setUp(PermissionTest.java:48)
at testcases.PermissionTest.setUp(PermissionTest.java:48)
at testcases.PermissionTest.setUp(PermissionTest.java:48)
at testcases.PermissionTest.setUp(PermissionTest.java:48)
at testcases.PermissionTest.setUp(PermissionTest.java:48)
at testcases.PermissionTest.setUp(PermissionTest.java:48)
at testcases.PermissionTest.setUp(PermissionTest.java:48)
at testcases.PermissionTest.setUp(PermissionTest.java:48)
at testcases.PermissionTest.setUp(PermissionTest.java:48)
at testcases.PermissionTest.setUp(PermissionTest.java:48)
at testcases.PermissionTest.setUp(PermissionTest.java:48)
at testcases.PermissionTest.setUp(PermissionTest.java:48)
at testcases.PermissionTest.setUp(PermissionTest.java:48)
at testcases.PermissionTest.setUp(PermissionTest.java:48)
at testcases.PermissionTest.setUp(PermissionTest.java:48)
at testcases.PermissionTest.setUp(PermissionTest.java:48)
at testcases.PermissionTest.setUp(PermissionTest.java:48)
at testcases.PermissionTest.setUp(PermissionTest.java:48)
at testcases.PermissionTest.setUp(PermissionTest.java:48)
at testcases.PermissionTest.setUp(PermissionTest.java:48)
at testcases.PermissionTest.setUp(PermissionTest.java:48)
at testcases.PermissionTest.setUp(PermissionTest.java:48)
at testcases.PermissionTest.setUp(PermissionTest.java:48)
at testcases.PermissionTest.setUp(PermissionTest.java:48)
at testcases.PermissionTest.setUp(PermissionTest.java:48)
at testcases.PermissionTest.setUp(PermissionTest.java:48)
at testcases.PermissionTest.setUp(PermissionTest.java:48)
at testcases.PermissionTest.setUp(PermissionTest.java:48)
at testcases.PermissionTest.setUp(PermissionTest.java:48)
at testcases.PermissionTest.setUp(PermissionTest.java:48)
at testcases.PermissionTest.setUp(PermissionTest.java:48)
at testcases.PermissionTest.setUp(PermissionTest.java:48)
at testcases.PermissionTest.setUp(PermissionTest.java:48)
at testcases.PermissionTest.setUp(PermissionTest.java:48)
at testcases.PermissionTest.setUp(PermissionTest.java:48)
at testcases.PermissionTest.setUp(PermissionTest.java:48)
at testcases.PermissionTest.setUp(PermissionTest.java:48)
at testcases.PermissionTest.setUp(PermissionTest.java:48)
at testcases.PermissionTest.setUp(PermissionTest.java:48)
at testcases.PermissionTest.setUp(PermissionTest.java:48)
at testcases.PermissionTest.setUp(PermissionTest.java:48)
at testcases.PermissionTest.setUp(PermissionTest.java:48)
at testcases.PermissionTest.setUp(PermissionTest.java:48)
at testcases.PermissionTest.setUp(PermissionTest.java:48)
at testcases.PermissionTest.setUp(PermissionTest.java:48)
at testcases.PermissionTest.setUp(PermissionTest.java:48)
at testcases.PermissionTest.setUp(PermissionTest.java:48)
at testcases.PermissionTest.setUp(PermissionTest.java:48)
at testcases.PermissionTest.setUp(PermissionTest.java:48)
at testcases.PermissionTest.setUp(PermissionTest.java:48)
at testcases.PermissionTest.setUp(PermissionTest.java:48)
at testcases.PermissionTest.setUp(PermissionTest.java:48)
at testcases.PermissionTest.setUp(PermissionTest.java:48)
at testcases.PermissionTest.setUp(PermissionTest.java:48)
at testcases.PermissionTest.setUp(PermissionTest.java:48)
at testcases.PermissionTest.setUp(PermissionTest.java:48)
at testcases.PermissionTest.setUp(PermissionTest.java:48)
at testcases.PermissionTest.setUp(PermissionTest.java:48)
at testcases.PermissionTest.setUp(PermissionTest.java:48)
at testcases.PermissionTest.setUp(PermissionTest.java:48)
at testcases.PermissionTest.setUp(PermissionTest.java:48)
at testcases.PermissionTest.setUp(PermissionTest.java:48)
at testcases.PermissionTest.setUp(PermissionTest.java:48)
at testcases.PermissionTest.setUp(PermissionTest.java:48)
at testcases.PermissionTest.setUp(PermissionTest.java:48)
at testcases.PermissionTest.setUp(PermissionTest.java:48)
at testcases.PermissionTest.setUp(PermissionTest.java:48)
at testcases.PermissionTest.setUp(PermissionTest.java:48)
at testcases.PermissionTest.setUp(PermissionTest.java:48)
at testcases.PermissionTest.setUp(PermissionTest.java:48)
at testcases.PermissionTest.setUp(PermissionTest.java:48)
at testcases.PermissionTest.setUp(PermissionTest.java:48)
at testcases.PermissionTest.setUp(PermissionTest.java:48)
at testcases.PermissionTest.setUp(PermissionTest.java:48)
at testcases.PermissionTest.setUp(PermissionTest.java:48)
at testcases.PermissionTest.setUp(PermissionTest.java:48)
at testcases.PermissionTest.setUp(PermissionTest.java:48)
at testcases.PermissionTest.setUp(PermissionTest.java:48)
at testcases.PermissionTest.setUp(PermissionTest.java:48)
at testcases.PermissionTest.setUp(PermissionTest.java:48)
at testcases.PermissionTest.setUp(PermissionTest.java:48)
at testcases.PermissionTest.setUp(PermissionTest.java:48)
at testcases.PermissionTest.setUp(PermissionTest.java:48)
at testcases.PermissionTest.setUp(PermissionTest.java:48)
at testcases.PermissionTest.setUp(PermissionTest.java:48)
at testcases.PermissionTest.setUp(PermissionTest.java:48)
at testcases.PermissionTest.setUp(PermissionTest.java:48)
at testcases.PermissionTest.setUp(PermissionTest.java:48)
at testcases.PermissionTest.setUp(PermissionTest.java:48)
at testcases.PermissionTest.setUp(PermissionTest.java:48)
at testcases.PermissionTest.setUp(PermissionTest.java:48)
at testcases.PermissionTest.setUp(PermissionTest.java:48)
at testcases.PermissionTest.setUp(PermissionTest.java:48)
at testcases.PermissionTest.setUp(PermissionTest.java:48)
at testcases.PermissionTest.setUp(PermissionTest.java:48)
at testcases.PermissionTest.setUp(PermissionTest.java:48)
at testcases.PermissionTest.setUp(PermissionTest.java:48)
at testcases.PermissionTest.setUp(PermissionTest.java:48)
at testcases.PermissionTest.setUp(PermissionTest.java:48)
at testcases.PermissionTest.setUp(PermissionTest.java:48)
at testcases.PermissionTest.setUp(PermissionTest.java:48)
at testcases.PermissionTest.setUp(PermissionTest.java:48)
at testcases.PermissionTest.setUp(PermissionTest.java:48)
]]>
            </full-stacktrace>
          </exception> <!-- java.lang.StackOverflowError -->
          <reporter-output>
          </reporter-output>
        </test-method> <!-- testEditor -->
        <test-method is-config="true" signature="closeBrowser(org.testng.ITestResult)[pri:0, instance:testcases.PermissionTest@4310d43]" started-at="2023-01-10T13:46:23 IST" name="closeBrowser" finished-at="1970-01-01T05:30:00 IST" duration-ms="-1673338583674" status="SKIP">
          <reporter-output>
          </reporter-output>
        </test-method> <!-- closeBrowser -->
      </class> <!-- testcases.PermissionTest -->
    </test> <!-- PermissionTest -->
  </suite> <!-- Suite -->
</testng-results>
